{"/home/travis/build/npmtest/node-npmtest-workshopper/test.js":{"path":"/home/travis/build/npmtest/node-npmtest-workshopper/test.js","s":{"1":2,"2":2,"3":2,"4":2,"5":2,"6":2,"7":2,"8":1,"9":2,"10":2,"11":1,"12":1,"13":1,"14":1,"15":2,"16":2,"17":2,"18":2,"19":1,"20":1,"21":2,"22":2,"23":2,"24":1,"25":1,"26":1,"27":1,"28":1,"29":1,"30":1,"31":1,"32":1,"33":1,"34":1,"35":1,"36":1,"37":1,"38":1,"39":2,"40":2,"41":1,"42":2,"43":2,"44":1,"45":2,"46":2,"47":1,"48":2,"49":2,"50":1,"51":1,"52":1,"53":1,"54":1},"b":{"1":[2,1,1,1],"2":[1,1,1,1],"3":[1,1],"4":[1,1],"5":[1,1],"6":[1,1],"7":[1,1],"8":[1,1],"9":[1,1],"10":[1,1,1],"11":[1,1],"12":[1,1],"13":[1,1],"14":[1,1],"15":[1,1],"16":[1,1],"17":[1,1]},"f":{"1":2,"2":2,"3":2,"4":2,"5":2,"6":1,"7":1,"8":1,"9":2,"10":2,"11":2,"12":2,"13":1},"fnMap":{"1":{"name":"(anonymous_1)","line":12,"loc":{"start":{"line":12,"column":1},"end":{"line":12,"column":13}}},"2":{"name":"(anonymous_2)","line":19,"loc":{"start":{"line":19,"column":5},"end":{"line":19,"column":17}}},"3":{"name":"(anonymous_3)","line":23,"loc":{"start":{"line":23,"column":24},"end":{"line":23,"column":36}}},"4":{"name":"(anonymous_4)","line":61,"loc":{"start":{"line":61,"column":5},"end":{"line":61,"column":17}}},"5":{"name":"(anonymous_5)","line":82,"loc":{"start":{"line":82,"column":5},"end":{"line":82,"column":17}}},"6":{"name":"(anonymous_6)","line":91,"loc":{"start":{"line":91,"column":77},"end":{"line":94,"column":10}}},"7":{"name":"(anonymous_7)","line":112,"loc":{"start":{"line":112,"column":83},"end":{"line":115,"column":10}},"skip":true},"8":{"name":"(anonymous_8)","line":123,"loc":{"start":{"line":123,"column":77},"end":{"line":126,"column":10}},"skip":true},"9":{"name":"(anonymous_9)","line":139,"loc":{"start":{"line":139,"column":12},"end":{"line":139,"column":40}},"skip":true},"10":{"name":"(anonymous_10)","line":147,"loc":{"start":{"line":147,"column":77},"end":{"line":150,"column":10}},"skip":true},"11":{"name":"(anonymous_11)","line":158,"loc":{"start":{"line":158,"column":83},"end":{"line":161,"column":10}},"skip":true},"12":{"name":"(anonymous_12)","line":169,"loc":{"start":{"line":169,"column":79},"end":{"line":172,"column":10}},"skip":true},"13":{"name":"(anonymous_13)","line":180,"loc":{"start":{"line":180,"column":75},"end":{"line":183,"column":10}},"skip":true}},"statementMap":{"1":{"start":{"line":12,"column":0},"end":{"line":195,"column":5}},"2":{"start":{"line":14,"column":4},"end":{"line":14,"column":14}},"3":{"start":{"line":19,"column":4},"end":{"line":56,"column":9}},"4":{"start":{"line":21,"column":8},"end":{"line":21,"column":19}},"5":{"start":{"line":23,"column":8},"end":{"line":35,"column":13}},"6":{"start":{"line":24,"column":12},"end":{"line":34,"column":13}},"7":{"start":{"line":25,"column":16},"end":{"line":28,"column":30}},"8":{"start":{"line":30,"column":16},"end":{"line":33,"column":27}},"9":{"start":{"line":37,"column":8},"end":{"line":39,"column":21}},"10":{"start":{"line":40,"column":8},"end":{"line":53,"column":9}},"11":{"start":{"line":43,"column":12},"end":{"line":46,"column":14}},"12":{"start":{"line":47,"column":12},"end":{"line":47,"column":18}},"13":{"start":{"line":50,"column":12},"end":{"line":51,"column":46}},"14":{"start":{"line":52,"column":12},"end":{"line":52,"column":18}},"15":{"start":{"line":55,"column":8},"end":{"line":55,"column":35}},"16":{"start":{"line":61,"column":4},"end":{"line":63,"column":9}},"17":{"start":{"line":62,"column":8},"end":{"line":62,"column":15}},"18":{"start":{"line":64,"column":4},"end":{"line":77,"column":5}},"19":{"start":{"line":70,"column":8},"end":{"line":70,"column":14}},"20":{"start":{"line":76,"column":8},"end":{"line":76,"column":14}},"21":{"start":{"line":82,"column":4},"end":{"line":84,"column":9}},"22":{"start":{"line":83,"column":8},"end":{"line":83,"column":15}},"23":{"start":{"line":85,"column":4},"end":{"line":194,"column":5}},"24":{"start":{"line":91,"column":8},"end":{"line":99,"column":10}},"25":{"start":{"line":98,"column":12},"end":{"line":98,"column":35}},"26":{"start":{"line":102,"column":8},"end":{"line":104,"column":63}},"27":{"start":{"line":105,"column":8},"end":{"line":105,"column":14}},"28":{"start":{"line":112,"column":8},"end":{"line":121,"column":10},"skip":true},"29":{"start":{"line":119,"column":12},"end":{"line":119,"column":55},"skip":true},"30":{"start":{"line":120,"column":12},"end":{"line":120,"column":48},"skip":true},"31":{"start":{"line":123,"column":8},"end":{"line":136,"column":10},"skip":true},"32":{"start":{"line":130,"column":12},"end":{"line":130,"column":76},"skip":true},"33":{"start":{"line":131,"column":12},"end":{"line":131,"column":73},"skip":true},"34":{"start":{"line":132,"column":12},"end":{"line":132,"column":74},"skip":true},"35":{"start":{"line":133,"column":12},"end":{"line":133,"column":79},"skip":true},"36":{"start":{"line":134,"column":12},"end":{"line":134,"column":25},"skip":true},"37":{"start":{"line":135,"column":12},"end":{"line":135,"column":45},"skip":true},"38":{"start":{"line":138,"column":8},"end":{"line":145,"column":14},"skip":true},"39":{"start":{"line":143,"column":16},"end":{"line":143,"column":29},"skip":true},"40":{"start":{"line":144,"column":16},"end":{"line":144,"column":55},"skip":true},"41":{"start":{"line":147,"column":8},"end":{"line":156,"column":10},"skip":true},"42":{"start":{"line":154,"column":12},"end":{"line":154,"column":25},"skip":true},"43":{"start":{"line":155,"column":12},"end":{"line":155,"column":45},"skip":true},"44":{"start":{"line":158,"column":8},"end":{"line":167,"column":10},"skip":true},"45":{"start":{"line":165,"column":12},"end":{"line":165,"column":25},"skip":true},"46":{"start":{"line":166,"column":12},"end":{"line":166,"column":48},"skip":true},"47":{"start":{"line":169,"column":8},"end":{"line":178,"column":10},"skip":true},"48":{"start":{"line":176,"column":12},"end":{"line":176,"column":25},"skip":true},"49":{"start":{"line":177,"column":12},"end":{"line":177,"column":46},"skip":true},"50":{"start":{"line":180,"column":8},"end":{"line":189,"column":10},"skip":true},"51":{"start":{"line":187,"column":12},"end":{"line":187,"column":94},"skip":true},"52":{"start":{"line":188,"column":12},"end":{"line":188,"column":48},"skip":true},"53":{"start":{"line":192,"column":8},"end":{"line":192,"column":35},"skip":true},"54":{"start":{"line":193,"column":8},"end":{"line":193,"column":14},"skip":true}},"branchMap":{"1":{"line":25,"type":"binary-expr","locations":[{"start":{"line":25,"column":23},"end":{"line":25,"column":62}},{"start":{"line":26,"column":20},"end":{"line":26,"column":70}},{"start":{"line":27,"column":20},"end":{"line":27,"column":71}},{"start":{"line":28,"column":20},"end":{"line":28,"column":29}}]},"2":{"line":30,"type":"binary-expr","locations":[{"start":{"line":30,"column":23},"end":{"line":30,"column":37}},{"start":{"line":31,"column":20},"end":{"line":31,"column":61}},{"start":{"line":32,"column":20},"end":{"line":32,"column":70}},{"start":{"line":33,"column":20},"end":{"line":33,"column":26}}]},"3":{"line":37,"type":"cond-expr","locations":[{"start":{"line":38,"column":14},"end":{"line":38,"column":20}},{"start":{"line":39,"column":14},"end":{"line":39,"column":20}}]},"4":{"line":40,"type":"switch","locations":[{"start":{"line":42,"column":8},"end":{"line":47,"column":18}},{"start":{"line":49,"column":8},"end":{"line":52,"column":18}}]},"5":{"line":44,"type":"binary-expr","locations":[{"start":{"line":44,"column":16},"end":{"line":44,"column":44}},{"start":{"line":44,"column":48},"end":{"line":44,"column":66}}]},"6":{"line":50,"type":"binary-expr","locations":[{"start":{"line":50,"column":21},"end":{"line":50,"column":49}},{"start":{"line":50,"column":53},"end":{"line":50,"column":72}}]},"7":{"line":64,"type":"switch","locations":[{"start":{"line":69,"column":4},"end":{"line":70,"column":14}},{"start":{"line":75,"column":4},"end":{"line":76,"column":14}}]},"8":{"line":85,"type":"switch","locations":[{"start":{"line":90,"column":4},"end":{"line":105,"column":14}},{"start":{"line":111,"column":4},"end":{"line":193,"column":14},"skip":true}]},"9":{"line":91,"type":"binary-expr","locations":[{"start":{"line":91,"column":42},"end":{"line":91,"column":73}},{"start":{"line":91,"column":77},"end":{"line":99,"column":9}}]},"10":{"line":102,"type":"binary-expr","locations":[{"start":{"line":102,"column":18},"end":{"line":102,"column":32}},{"start":{"line":103,"column":12},"end":{"line":103,"column":53}},{"start":{"line":104,"column":12},"end":{"line":104,"column":61}}]},"11":{"line":112,"type":"binary-expr","locations":[{"start":{"line":112,"column":45},"end":{"line":112,"column":79},"skip":true},{"start":{"line":112,"column":83},"end":{"line":121,"column":9},"skip":true}]},"12":{"line":123,"type":"binary-expr","locations":[{"start":{"line":123,"column":42},"end":{"line":123,"column":73},"skip":true},{"start":{"line":123,"column":77},"end":{"line":136,"column":9},"skip":true}]},"13":{"line":138,"type":"binary-expr","locations":[{"start":{"line":138,"column":48},"end":{"line":138,"column":85},"skip":true},{"start":{"line":139,"column":12},"end":{"line":145,"column":13},"skip":true}]},"14":{"line":147,"type":"binary-expr","locations":[{"start":{"line":147,"column":42},"end":{"line":147,"column":73},"skip":true},{"start":{"line":147,"column":77},"end":{"line":156,"column":9},"skip":true}]},"15":{"line":158,"type":"binary-expr","locations":[{"start":{"line":158,"column":45},"end":{"line":158,"column":79},"skip":true},{"start":{"line":158,"column":83},"end":{"line":167,"column":9},"skip":true}]},"16":{"line":169,"type":"binary-expr","locations":[{"start":{"line":169,"column":43},"end":{"line":169,"column":75},"skip":true},{"start":{"line":169,"column":79},"end":{"line":178,"column":9},"skip":true}]},"17":{"line":180,"type":"binary-expr","locations":[{"start":{"line":180,"column":41},"end":{"line":180,"column":71},"skip":true},{"start":{"line":180,"column":75},"end":{"line":189,"column":9},"skip":true}]}},"code":["/* istanbul instrument in package npmtest_workshopper */","/*jslint","    bitwise: true,","    browser: true,","    maxerr: 8,","    maxlen: 96,","    node: true,","    nomen: true,","    regexp: true,","    stupid: true","*/","(function () {","    'use strict';","    var local;","","","","    // run shared js-env code - pre-init","    (function () {","        // init local","        local = {};","        // init modeJs","        local.modeJs = (function () {","            try {","                return typeof navigator.userAgent === 'string' &&","                    typeof document.querySelector('body') === 'object' &&","                    typeof XMLHttpRequest.prototype.open === 'function' &&","                    'browser';","            } catch (errorCaughtBrowser) {","                return module.exports &&","                    typeof process.versions.node === 'string' &&","                    typeof require('http').createServer === 'function' &&","                    'node';","            }","        }());","        // init global","        local.global = local.modeJs === 'browser'","            ? window","            : global;","        switch (local.modeJs) {","        // re-init local from window.local","        case 'browser':","            local = local.global.utility2.objectSetDefault(","                local.global.utility2_rollup || local.global.local,","                local.global.utility2","            );","            break;","        // re-init local from example.js","        case 'node':","            local = (local.global.utility2_rollup || require('utility2'))","                .requireExampleJsFromReadme();","            break;","        }","        // export local","        local.global.local = local;","    }());","","","","    // run shared js-env code - function","    (function () {","        return;","    }());","    switch (local.modeJs) {","","","","    // run browser js-env code - function","    case 'browser':","        break;","","","","    // run node js-env code - function","    case 'node':","        break;","    }","","","","    // run shared js-env code - post-init","    (function () {","        return;","    }());","    switch (local.modeJs) {","","","","    // run browser js-env code - post-init","    case 'browser':","        local.testCase_browser_nullCase = local.testCase_browser_nullCase || function (","            options,","            onError","        ) {","        /*","         * this function will test browsers's null-case handling-behavior-behavior","         */","            onError(null, options);","        };","","        // run tests","        local.nop(local.modeTest &&","            document.querySelector('#testRunButton1') &&","            document.querySelector('#testRunButton1').click());","        break;","","","","    // run node js-env code - post-init","    /* istanbul ignore next */","    case 'node':","        local.testCase_buildApidoc_default = local.testCase_buildApidoc_default || function (","            options,","            onError","        ) {","        /*","         * this function will test buildApidoc's default handling-behavior-behavior","         */","            options = { modulePathList: module.paths };","            local.buildApidoc(options, onError);","        };","","        local.testCase_buildApp_default = local.testCase_buildApp_default || function (","            options,","            onError","        ) {","        /*","         * this function will test buildApp's default handling-behavior-behavior","         */","            local.testCase_buildReadme_default(options, local.onErrorThrow);","            local.testCase_buildLib_default(options, local.onErrorThrow);","            local.testCase_buildTest_default(options, local.onErrorThrow);","            local.testCase_buildCustomOrg_default(options, local.onErrorThrow);","            options = [];","            local.buildApp(options, onError);","        };","","        local.testCase_buildCustomOrg_default = local.testCase_buildCustomOrg_default ||","            function (options, onError) {","            /*","             * this function will test buildCustomOrg's default handling-behavior","             */","                options = {};","                local.buildCustomOrg(options, onError);","            };","","        local.testCase_buildLib_default = local.testCase_buildLib_default || function (","            options,","            onError","        ) {","        /*","         * this function will test buildLib's default handling-behavior","         */","            options = {};","            local.buildLib(options, onError);","        };","","        local.testCase_buildReadme_default = local.testCase_buildReadme_default || function (","            options,","            onError","        ) {","        /*","         * this function will test buildReadme's default handling-behavior-behavior","         */","            options = {};","            local.buildReadme(options, onError);","        };","","        local.testCase_buildTest_default = local.testCase_buildTest_default || function (","            options,","            onError","        ) {","        /*","         * this function will test buildTest's default handling-behavior","         */","            options = {};","            local.buildTest(options, onError);","        };","","        local.testCase_webpage_default = local.testCase_webpage_default || function (","            options,","            onError","        ) {","        /*","         * this function will test webpage's default handling-behavior","         */","            options = { modeCoverageMerge: true, url: local.serverLocalHost + '?modeTest=1' };","            local.browserTest(options, onError);","        };","","        // run test-server","        local.testRunServer(local);","        break;","    }","}());",""],"l":{"12":2,"14":2,"19":2,"21":2,"23":2,"24":2,"25":2,"30":1,"37":2,"40":2,"43":1,"47":1,"50":1,"52":1,"55":2,"61":2,"62":2,"64":2,"70":1,"76":1,"82":2,"83":2,"85":2,"91":1,"98":1,"102":1,"105":1,"112":1,"119":1,"120":1,"123":1,"130":1,"131":1,"132":1,"133":1,"134":1,"135":1,"138":1,"143":2,"144":2,"147":1,"154":2,"155":2,"158":1,"165":2,"166":2,"169":1,"176":2,"177":2,"180":1,"187":1,"188":1,"192":1,"193":1}},"/home/travis/build/npmtest/node-npmtest-workshopper/lib.npmtest_workshopper.js":{"path":"/home/travis/build/npmtest/node-npmtest-workshopper/lib.npmtest_workshopper.js","s":{"1":2,"2":2,"3":2,"4":2,"5":2,"6":2,"7":2,"8":1,"9":2,"10":2,"11":2,"12":2,"13":1,"14":1,"15":1,"16":1},"b":{"1":[2,1,1,1],"2":[1,1,1,1],"3":[1,1],"4":[2,2],"5":[1,1]},"f":{"1":2,"2":2,"3":2},"fnMap":{"1":{"name":"(anonymous_1)","line":12,"loc":{"start":{"line":12,"column":1},"end":{"line":12,"column":13}}},"2":{"name":"(anonymous_2)","line":19,"loc":{"start":{"line":19,"column":5},"end":{"line":19,"column":17}}},"3":{"name":"(anonymous_3)","line":23,"loc":{"start":{"line":23,"column":24},"end":{"line":23,"column":36}}}},"statementMap":{"1":{"start":{"line":12,"column":0},"end":{"line":53,"column":5}},"2":{"start":{"line":14,"column":4},"end":{"line":14,"column":14}},"3":{"start":{"line":19,"column":4},"end":{"line":52,"column":9}},"4":{"start":{"line":21,"column":8},"end":{"line":21,"column":19}},"5":{"start":{"line":23,"column":8},"end":{"line":35,"column":13}},"6":{"start":{"line":24,"column":12},"end":{"line":34,"column":13}},"7":{"start":{"line":25,"column":16},"end":{"line":28,"column":30}},"8":{"start":{"line":30,"column":16},"end":{"line":33,"column":27}},"9":{"start":{"line":37,"column":8},"end":{"line":39,"column":21}},"10":{"start":{"line":41,"column":8},"end":{"line":41,"column":54}},"11":{"start":{"line":43,"column":8},"end":{"line":43,"column":56}},"12":{"start":{"line":45,"column":8},"end":{"line":51,"column":9}},"13":{"start":{"line":46,"column":12},"end":{"line":46,"column":62}},"14":{"start":{"line":48,"column":12},"end":{"line":48,"column":35}},"15":{"start":{"line":49,"column":12},"end":{"line":49,"column":49}},"16":{"start":{"line":50,"column":12},"end":{"line":50,"column":43}}},"branchMap":{"1":{"line":25,"type":"binary-expr","locations":[{"start":{"line":25,"column":23},"end":{"line":25,"column":62}},{"start":{"line":26,"column":20},"end":{"line":26,"column":70}},{"start":{"line":27,"column":20},"end":{"line":27,"column":71}},{"start":{"line":28,"column":20},"end":{"line":28,"column":29}}]},"2":{"line":30,"type":"binary-expr","locations":[{"start":{"line":30,"column":23},"end":{"line":30,"column":37}},{"start":{"line":31,"column":20},"end":{"line":31,"column":61}},{"start":{"line":32,"column":20},"end":{"line":32,"column":70}},{"start":{"line":33,"column":20},"end":{"line":33,"column":26}}]},"3":{"line":37,"type":"cond-expr","locations":[{"start":{"line":38,"column":14},"end":{"line":38,"column":20}},{"start":{"line":39,"column":14},"end":{"line":39,"column":20}}]},"4":{"line":41,"type":"binary-expr","locations":[{"start":{"line":41,"column":16},"end":{"line":41,"column":44}},{"start":{"line":41,"column":48},"end":{"line":41,"column":53}}]},"5":{"line":45,"type":"if","locations":[{"start":{"line":45,"column":8},"end":{"line":45,"column":8}},{"start":{"line":45,"column":8},"end":{"line":45,"column":8}}]}},"code":["/* istanbul instrument in package npmtest_workshopper */","/*jslint","    bitwise: true,","    browser: true,","    maxerr: 8,","    maxlen: 96,","    node: true,","    nomen: true,","    regexp: true,","    stupid: true","*/","(function () {","    'use strict';","    var local;","","","","    // run shared js-env code - pre-init","    (function () {","        // init local","        local = {};","        // init modeJs","        local.modeJs = (function () {","            try {","                return typeof navigator.userAgent === 'string' &&","                    typeof document.querySelector('body') === 'object' &&","                    typeof XMLHttpRequest.prototype.open === 'function' &&","                    'browser';","            } catch (errorCaughtBrowser) {","                return module.exports &&","                    typeof process.versions.node === 'string' &&","                    typeof require('http').createServer === 'function' &&","                    'node';","            }","        }());","        // init global","        local.global = local.modeJs === 'browser'","            ? window","            : global;","        // init utility2_rollup","        local = local.global.utility2_rollup || local;","        // init lib","        local.local = local.npmtest_workshopper = local;","        // init exports","        if (local.modeJs === 'browser') {","            local.global.utility2_npmtest_workshopper = local;","        } else {","            module.exports = local;","            module.exports.__dirname = __dirname;","            module.exports.module = module;","        }","    }());","}());",""],"l":{"12":2,"14":2,"19":2,"21":2,"23":2,"24":2,"25":2,"30":1,"37":2,"41":2,"43":2,"45":2,"46":1,"48":1,"49":1,"50":1}},"/home/travis/build/npmtest/node-npmtest-workshopper/example.js":{"path":"/home/travis/build/npmtest/node-npmtest-workshopper/example.js","s":{"1":2,"2":2,"3":2,"4":2,"5":2,"6":2,"7":2,"8":1,"9":2,"10":2,"11":2,"12":2,"13":1,"14":2,"15":2,"16":2,"17":2,"18":2,"19":0,"20":2,"21":1,"22":1,"23":1,"24":1,"25":1,"26":0,"27":0,"28":1,"29":1,"30":2,"31":0,"32":0,"33":0,"34":1,"35":2,"36":2,"37":3,"38":3,"39":3,"40":3,"41":0,"42":3,"43":3,"44":3,"45":1,"46":3,"47":1,"48":1,"49":1,"50":1,"51":1,"52":1,"53":1,"54":1,"55":1,"56":1,"57":0,"58":1,"59":6,"60":6,"61":1,"62":2,"63":0,"64":2,"65":1,"66":1,"67":0,"68":0,"69":0,"70":0,"71":0,"72":0,"73":0,"74":0,"75":0,"76":0,"77":0,"78":0,"79":0,"80":0,"81":0,"82":0,"83":0},"b":{"1":[2,1,1,1],"2":[1,1,1,1],"3":[1,1],"4":[2,2],"5":[1,1],"6":[1,1],"7":[2,0],"8":[2,1,1,1,1,1],"9":[0,2,0],"10":[1,1],"11":[2,1,1],"12":[1,0],"13":[0,2],"14":[2,0,0,0,0,0,0],"15":[0,3],"16":[3,0],"17":[1,1],"18":[0,1],"19":[1,2,0,2],"20":[1,0],"21":[1,1],"22":[0,0],"23":[0,0],"24":[0,0],"25":[0,0],"26":[0,0],"27":[0,0],"28":[0,0]},"f":{"1":2,"2":2,"3":2,"4":2,"5":2,"6":2,"7":3,"8":3,"9":3,"10":1,"11":6,"12":0},"fnMap":{"1":{"name":"(anonymous_1)","line":26,"loc":{"start":{"line":26,"column":1},"end":{"line":26,"column":13}}},"2":{"name":"(anonymous_2)","line":33,"loc":{"start":{"line":33,"column":5},"end":{"line":33,"column":17}}},"3":{"name":"(anonymous_3)","line":37,"loc":{"start":{"line":37,"column":24},"end":{"line":37,"column":36}}},"4":{"name":"(anonymous_4)","line":69,"loc":{"start":{"line":69,"column":31},"end":{"line":69,"column":48}},"skip":true},"5":{"name":"(anonymous_5)","line":78,"loc":{"start":{"line":78,"column":26},"end":{"line":78,"column":45}},"skip":true},"6":{"name":"(anonymous_6)","line":123,"loc":{"start":{"line":123,"column":33},"end":{"line":123,"column":48}},"skip":true},"7":{"name":"(anonymous_7)","line":125,"loc":{"start":{"line":125,"column":27},"end":{"line":125,"column":39}},"skip":true},"8":{"name":"(anonymous_8)","line":133,"loc":{"start":{"line":133,"column":59},"end":{"line":133,"column":74}},"skip":true},"9":{"name":"(anonymous_9)","line":143,"loc":{"start":{"line":143,"column":45},"end":{"line":143,"column":62}},"skip":true},"10":{"name":"(anonymous_10)","line":144,"loc":{"start":{"line":144,"column":73},"end":{"line":144,"column":92}},"skip":true},"11":{"name":"(anonymous_11)","line":272,"loc":{"start":{"line":272,"column":51},"end":{"line":272,"column":77}},"skip":true},"12":{"name":"(anonymous_12)","line":315,"loc":{"start":{"line":315,"column":32},"end":{"line":315,"column":61}},"skip":true}},"statementMap":{"1":{"start":{"line":26,"column":0},"end":{"line":326,"column":5}},"2":{"start":{"line":28,"column":4},"end":{"line":28,"column":14}},"3":{"start":{"line":33,"column":4},"end":{"line":60,"column":9}},"4":{"start":{"line":35,"column":8},"end":{"line":35,"column":19}},"5":{"start":{"line":37,"column":8},"end":{"line":49,"column":13}},"6":{"start":{"line":38,"column":12},"end":{"line":48,"column":13}},"7":{"start":{"line":39,"column":16},"end":{"line":42,"column":30}},"8":{"start":{"line":44,"column":16},"end":{"line":47,"column":27}},"9":{"start":{"line":51,"column":8},"end":{"line":53,"column":21}},"10":{"start":{"line":55,"column":8},"end":{"line":57,"column":45}},"11":{"start":{"line":59,"column":8},"end":{"line":59,"column":35}},"12":{"start":{"line":61,"column":4},"end":{"line":325,"column":5}},"13":{"start":{"line":69,"column":8},"end":{"line":121,"column":10},"skip":true},"14":{"start":{"line":70,"column":12},"end":{"line":88,"column":13},"skip":true},"15":{"start":{"line":76,"column":16},"end":{"line":87,"column":19},"skip":true},"16":{"start":{"line":79,"column":20},"end":{"line":86,"column":21},"skip":true},"17":{"start":{"line":82,"column":24},"end":{"line":82,"column":43},"skip":true},"18":{"start":{"line":83,"column":24},"end":{"line":83,"column":30},"skip":true},"19":{"start":{"line":85,"column":24},"end":{"line":85,"column":49},"skip":true},"20":{"start":{"line":89,"column":12},"end":{"line":107,"column":13},"skip":true},"21":{"start":{"line":92,"column":16},"end":{"line":102,"column":17},"skip":true},"22":{"start":{"line":93,"column":20},"end":{"line":93,"column":86},"skip":true},"23":{"start":{"line":94,"column":20},"end":{"line":95,"column":45},"skip":true},"24":{"start":{"line":96,"column":20},"end":{"line":96,"column":42},"skip":true},"25":{"start":{"line":97,"column":20},"end":{"line":97,"column":48},"skip":true},"26":{"start":{"line":100,"column":20},"end":{"line":100,"column":85},"skip":true},"27":{"start":{"line":101,"column":20},"end":{"line":101,"column":96},"skip":true},"28":{"start":{"line":103,"column":16},"end":{"line":103,"column":22},"skip":true},"29":{"start":{"line":106,"column":16},"end":{"line":106,"column":22},"skip":true},"30":{"start":{"line":108,"column":12},"end":{"line":120,"column":13},"skip":true},"31":{"start":{"line":114,"column":16},"end":{"line":119,"column":17},"skip":true},"32":{"start":{"line":116,"column":20},"end":{"line":116,"column":78},"skip":true},"33":{"start":{"line":118,"column":20},"end":{"line":118,"column":47},"skip":true},"34":{"start":{"line":123,"column":8},"end":{"line":141,"column":11},"skip":true},"35":{"start":{"line":124,"column":12},"end":{"line":124,"column":54},"skip":true},"36":{"start":{"line":125,"column":12},"end":{"line":140,"column":14},"skip":true},"37":{"start":{"line":126,"column":16},"end":{"line":126,"column":28},"skip":true},"38":{"start":{"line":127,"column":16},"end":{"line":127,"column":69},"skip":true},"39":{"start":{"line":128,"column":16},"end":{"line":128,"column":75},"skip":true},"40":{"start":{"line":129,"column":16},"end":{"line":131,"column":17},"skip":true},"41":{"start":{"line":130,"column":20},"end":{"line":130,"column":27},"skip":true},"42":{"start":{"line":133,"column":16},"end":{"line":137,"column":36},"skip":true},"43":{"start":{"line":134,"column":20},"end":{"line":136,"column":55},"skip":true},"44":{"start":{"line":139,"column":16},"end":{"line":139,"column":57},"skip":true},"45":{"start":{"line":143,"column":8},"end":{"line":147,"column":11},"skip":true},"46":{"start":{"line":144,"column":12},"end":{"line":146,"column":15},"skip":true},"47":{"start":{"line":145,"column":16},"end":{"line":145,"column":70},"skip":true},"48":{"start":{"line":149,"column":8},"end":{"line":149,"column":31},"skip":true},"49":{"start":{"line":150,"column":8},"end":{"line":150,"column":14},"skip":true},"50":{"start":{"line":158,"column":8},"end":{"line":158,"column":31},"skip":true},"51":{"start":{"line":160,"column":8},"end":{"line":160,"column":33},"skip":true},"52":{"start":{"line":161,"column":8},"end":{"line":161,"column":37},"skip":true},"53":{"start":{"line":162,"column":8},"end":{"line":162,"column":35},"skip":true},"54":{"start":{"line":164,"column":8},"end":{"line":164,"column":50},"skip":true},"55":{"start":{"line":166,"column":8},"end":{"line":256,"column":2},"skip":true},"56":{"start":{"line":258,"column":8},"end":{"line":286,"column":9},"skip":true},"57":{"start":{"line":259,"column":12},"end":{"line":269,"column":14},"skip":true},"58":{"start":{"line":271,"column":12},"end":{"line":285,"column":19},"skip":true},"59":{"start":{"line":274,"column":20},"end":{"line":274,"column":35},"skip":true},"60":{"start":{"line":275,"column":20},"end":{"line":284,"column":21},"skip":true},"61":{"start":{"line":277,"column":24},"end":{"line":277,"column":64},"skip":true},"62":{"start":{"line":279,"column":24},"end":{"line":279,"column":40},"skip":true},"63":{"start":{"line":281,"column":24},"end":{"line":281,"column":40},"skip":true},"64":{"start":{"line":283,"column":24},"end":{"line":283,"column":39},"skip":true},"65":{"start":{"line":288,"column":8},"end":{"line":290,"column":9},"skip":true},"66":{"start":{"line":289,"column":12},"end":{"line":289,"column":18},"skip":true},"67":{"start":{"line":291,"column":8},"end":{"line":293,"column":54},"skip":true},"68":{"start":{"line":296,"column":8},"end":{"line":301,"column":37},"skip":true},"69":{"start":{"line":303,"column":8},"end":{"line":303,"column":82},"skip":true},"70":{"start":{"line":306,"column":8},"end":{"line":308,"column":9},"skip":true},"71":{"start":{"line":307,"column":12},"end":{"line":307,"column":82},"skip":true},"72":{"start":{"line":310,"column":8},"end":{"line":312,"column":9},"skip":true},"73":{"start":{"line":311,"column":12},"end":{"line":311,"column":18},"skip":true},"74":{"start":{"line":313,"column":8},"end":{"line":313,"column":54},"skip":true},"75":{"start":{"line":314,"column":8},"end":{"line":314,"column":69},"skip":true},"76":{"start":{"line":315,"column":8},"end":{"line":323,"column":36},"skip":true},"77":{"start":{"line":316,"column":12},"end":{"line":316,"column":61},"skip":true},"78":{"start":{"line":317,"column":12},"end":{"line":320,"column":13},"skip":true},"79":{"start":{"line":318,"column":16},"end":{"line":318,"column":75},"skip":true},"80":{"start":{"line":319,"column":16},"end":{"line":319,"column":23},"skip":true},"81":{"start":{"line":321,"column":12},"end":{"line":321,"column":38},"skip":true},"82":{"start":{"line":322,"column":12},"end":{"line":322,"column":27},"skip":true},"83":{"start":{"line":324,"column":8},"end":{"line":324,"column":14},"skip":true}},"branchMap":{"1":{"line":39,"type":"binary-expr","locations":[{"start":{"line":39,"column":23},"end":{"line":39,"column":62}},{"start":{"line":40,"column":20},"end":{"line":40,"column":70}},{"start":{"line":41,"column":20},"end":{"line":41,"column":71}},{"start":{"line":42,"column":20},"end":{"line":42,"column":29}}]},"2":{"line":44,"type":"binary-expr","locations":[{"start":{"line":44,"column":23},"end":{"line":44,"column":37}},{"start":{"line":45,"column":20},"end":{"line":45,"column":61}},{"start":{"line":46,"column":20},"end":{"line":46,"column":70}},{"start":{"line":47,"column":20},"end":{"line":47,"column":26}}]},"3":{"line":51,"type":"cond-expr","locations":[{"start":{"line":52,"column":14},"end":{"line":52,"column":20}},{"start":{"line":53,"column":14},"end":{"line":53,"column":20}}]},"4":{"line":55,"type":"binary-expr","locations":[{"start":{"line":55,"column":16},"end":{"line":55,"column":44}},{"start":{"line":55,"column":49},"end":{"line":57,"column":43}}]},"5":{"line":55,"type":"cond-expr","locations":[{"start":{"line":56,"column":14},"end":{"line":56,"column":55}},{"start":{"line":57,"column":14},"end":{"line":57,"column":43}}]},"6":{"line":61,"type":"switch","locations":[{"start":{"line":68,"column":4},"end":{"line":150,"column":14},"skip":true},{"start":{"line":156,"column":4},"end":{"line":324,"column":14},"skip":true}]},"7":{"line":70,"type":"if","locations":[{"start":{"line":70,"column":12},"end":{"line":70,"column":12},"skip":true},{"start":{"line":70,"column":12},"end":{"line":70,"column":12},"skip":true}]},"8":{"line":70,"type":"binary-expr","locations":[{"start":{"line":70,"column":16},"end":{"line":70,"column":22},"skip":true},{"start":{"line":70,"column":27},"end":{"line":70,"column":32},"skip":true},{"start":{"line":71,"column":20},"end":{"line":71,"column":39},"skip":true},{"start":{"line":72,"column":20},"end":{"line":72,"column":49},"skip":true},{"start":{"line":73,"column":20},"end":{"line":73,"column":58},"skip":true},{"start":{"line":74,"column":20},"end":{"line":74,"column":69},"skip":true}]},"9":{"line":79,"type":"switch","locations":[{"start":{"line":80,"column":20},"end":{"line":80,"column":33},"skip":true},{"start":{"line":81,"column":20},"end":{"line":83,"column":30},"skip":true},{"start":{"line":84,"column":20},"end":{"line":85,"column":49},"skip":true}]},"10":{"line":89,"type":"switch","locations":[{"start":{"line":90,"column":12},"end":{"line":103,"column":22},"skip":true},{"start":{"line":105,"column":12},"end":{"line":106,"column":22},"skip":true}]},"11":{"line":89,"type":"binary-expr","locations":[{"start":{"line":89,"column":20},"end":{"line":89,"column":25},"skip":true},{"start":{"line":89,"column":29},"end":{"line":89,"column":48},"skip":true},{"start":{"line":89,"column":52},"end":{"line":89,"column":74},"skip":true}]},"12":{"line":92,"type":"if","locations":[{"start":{"line":92,"column":16},"end":{"line":92,"column":16},"skip":true},{"start":{"line":92,"column":16},"end":{"line":92,"column":16},"skip":true}]},"13":{"line":108,"type":"if","locations":[{"start":{"line":108,"column":12},"end":{"line":108,"column":12},"skip":true},{"start":{"line":108,"column":12},"end":{"line":108,"column":12},"skip":true}]},"14":{"line":108,"type":"binary-expr","locations":[{"start":{"line":108,"column":16},"end":{"line":108,"column":61},"skip":true},{"start":{"line":108,"column":66},"end":{"line":108,"column":72},"skip":true},{"start":{"line":108,"column":77},"end":{"line":108,"column":82},"skip":true},{"start":{"line":109,"column":20},"end":{"line":109,"column":39},"skip":true},{"start":{"line":110,"column":20},"end":{"line":110,"column":49},"skip":true},{"start":{"line":111,"column":20},"end":{"line":111,"column":58},"skip":true},{"start":{"line":112,"column":20},"end":{"line":112,"column":68},"skip":true}]},"15":{"line":129,"type":"if","locations":[{"start":{"line":129,"column":16},"end":{"line":129,"column":16},"skip":true},{"start":{"line":129,"column":16},"end":{"line":129,"column":16},"skip":true}]},"16":{"line":134,"type":"cond-expr","locations":[{"start":{"line":135,"column":26},"end":{"line":135,"column":29},"skip":true},{"start":{"line":136,"column":26},"end":{"line":136,"column":54},"skip":true}]},"17":{"line":164,"type":"binary-expr","locations":[{"start":{"line":164,"column":27},"end":{"line":164,"column":43},"skip":true},{"start":{"line":164,"column":47},"end":{"line":164,"column":49},"skip":true}]},"18":{"line":258,"type":"if","locations":[{"start":{"line":258,"column":8},"end":{"line":258,"column":8},"skip":true},{"start":{"line":258,"column":8},"end":{"line":258,"column":8},"skip":true}]},"19":{"line":275,"type":"switch","locations":[{"start":{"line":276,"column":20},"end":{"line":277,"column":64},"skip":true},{"start":{"line":278,"column":20},"end":{"line":279,"column":40},"skip":true},{"start":{"line":280,"column":20},"end":{"line":281,"column":40},"skip":true},{"start":{"line":282,"column":20},"end":{"line":283,"column":39},"skip":true}]},"20":{"line":288,"type":"if","locations":[{"start":{"line":288,"column":8},"end":{"line":288,"column":8},"skip":true},{"start":{"line":288,"column":8},"end":{"line":288,"column":8},"skip":true}]},"21":{"line":288,"type":"binary-expr","locations":[{"start":{"line":288,"column":12},"end":{"line":288,"column":40},"skip":true},{"start":{"line":288,"column":44},"end":{"line":288,"column":67},"skip":true}]},"22":{"line":292,"type":"binary-expr","locations":[{"start":{"line":292,"column":12},"end":{"line":292,"column":50},"skip":true},{"start":{"line":293,"column":12},"end":{"line":293,"column":53},"skip":true}]},"23":{"line":297,"type":"binary-expr","locations":[{"start":{"line":297,"column":12},"end":{"line":297,"column":69},"skip":true},{"start":{"line":298,"column":12},"end":{"line":301,"column":36},"skip":true}]},"24":{"line":303,"type":"binary-expr","locations":[{"start":{"line":303,"column":43},"end":{"line":303,"column":75},"skip":true},{"start":{"line":303,"column":79},"end":{"line":303,"column":81},"skip":true}]},"25":{"line":306,"type":"if","locations":[{"start":{"line":306,"column":8},"end":{"line":306,"column":8},"skip":true},{"start":{"line":306,"column":8},"end":{"line":306,"column":8},"skip":true}]},"26":{"line":310,"type":"if","locations":[{"start":{"line":310,"column":8},"end":{"line":310,"column":8},"skip":true},{"start":{"line":310,"column":8},"end":{"line":310,"column":8},"skip":true}]},"27":{"line":313,"type":"binary-expr","locations":[{"start":{"line":313,"column":27},"end":{"line":313,"column":43},"skip":true},{"start":{"line":313,"column":47},"end":{"line":313,"column":53},"skip":true}]},"28":{"line":317,"type":"if","locations":[{"start":{"line":317,"column":12},"end":{"line":317,"column":12},"skip":true},{"start":{"line":317,"column":12},"end":{"line":317,"column":12},"skip":true}]}},"code":["/*","example.js","","quickstart example","","instruction","    1. save this script as example.js","    2. run the shell command:","        $ npm install npmtest-workshopper && PORT=8081 node example.js","    3. play with the browser-demo on http://127.0.0.1:8081","*/","","","","/* istanbul instrument in package npmtest_workshopper */","/*jslint","    bitwise: true,","    browser: true,","    maxerr: 8,","    maxlen: 96,","    node: true,","    nomen: true,","    regexp: true,","    stupid: true","*/","(function () {","    'use strict';","    var local;","","","","    // run shared js-env code - pre-init","    (function () {","        // init local","        local = {};","        // init modeJs","        local.modeJs = (function () {","            try {","                return typeof navigator.userAgent === 'string' &&","                    typeof document.querySelector('body') === 'object' &&","                    typeof XMLHttpRequest.prototype.open === 'function' &&","                    'browser';","            } catch (errorCaughtBrowser) {","                return module.exports &&","                    typeof process.versions.node === 'string' &&","                    typeof require('http').createServer === 'function' &&","                    'node';","            }","        }());","        // init global","        local.global = local.modeJs === 'browser'","            ? window","            : global;","        // init utility2_rollup","        local = local.global.utility2_rollup || (local.modeJs === 'browser'","            ? local.global.utility2_npmtest_workshopper","            : global.utility2_moduleExports);","        // export local","        local.global.local = local;","    }());","    switch (local.modeJs) {","","","","    // post-init","    // run browser js-env code - post-init","    /* istanbul ignore next */","    case 'browser':","        local.testRunBrowser = function (event) {","            if (!event || (event &&","                    event.currentTarget &&","                    event.currentTarget.className &&","                    event.currentTarget.className.includes &&","                    event.currentTarget.className.includes('onreset'))) {","                // reset output","                Array.from(","                    document.querySelectorAll('body > .resettable')","                ).forEach(function (element) {","                    switch (element.tagName) {","                    case 'INPUT':","                    case 'TEXTAREA':","                        element.value = '';","                        break;","                    default:","                        element.textContent = '';","                    }","                });","            }","            switch (event && event.currentTarget && event.currentTarget.id) {","            case 'testRunButton1':","                // show tests","                if (document.querySelector('#testReportDiv1').style.display === 'none') {","                    document.querySelector('#testReportDiv1').style.display = 'block';","                    document.querySelector('#testRunButton1').textContent =","                        'hide internal test';","                    local.modeTest = true;","                    local.testRunDefault(local);","                // hide tests","                } else {","                    document.querySelector('#testReportDiv1').style.display = 'none';","                    document.querySelector('#testRunButton1').textContent = 'run internal test';","                }","                break;","            // custom-case","            default:","                break;","            }","            if (document.querySelector('#inputTextareaEval1') && (!event || (event &&","                    event.currentTarget &&","                    event.currentTarget.className &&","                    event.currentTarget.className.includes &&","                    event.currentTarget.className.includes('oneval')))) {","                // try to eval input-code","                try {","                    /*jslint evil: true*/","                    eval(document.querySelector('#inputTextareaEval1').value);","                } catch (errorCaught) {","                    console.error(errorCaught);","                }","            }","        };","        // log stderr and stdout to #outputTextareaStdout1","        ['error', 'log'].forEach(function (key) {","            console[key + '_original'] = console[key];","            console[key] = function () {","                var element;","                console[key + '_original'].apply(console, arguments);","                element = document.querySelector('#outputTextareaStdout1');","                if (!element) {","                    return;","                }","                // append text to #outputTextareaStdout1","                element.value += Array.from(arguments).map(function (arg) {","                    return typeof arg === 'string'","                        ? arg","                        : JSON.stringify(arg, null, 4);","                }).join(' ') + '\\n';","                // scroll textarea to bottom","                element.scrollTop = element.scrollHeight;","            };","        });","        // init event-handling","        ['change', 'click', 'keyup'].forEach(function (event) {","            Array.from(document.querySelectorAll('.on' + event)).forEach(function (element) {","                element.addEventListener(event, local.testRunBrowser);","            });","        });","        // run tests","        local.testRunBrowser();","        break;","","","","    // run node js-env code - post-init","    /* istanbul ignore next */","    case 'node':","        // export local","        module.exports = local;","        // require modules","        local.fs = require('fs');","        local.http = require('http');","        local.url = require('url');","        // init assets","        local.assetsDict = local.assetsDict || {};","        /* jslint-ignore-begin */","        local.assetsDict['/assets.index.template.html'] = '\\","<!doctype html>\\n\\","<html lang=\"en\">\\n\\","<head>\\n\\","<meta charset=\"UTF-8\">\\n\\","<meta name=\"viewport\" content=\"width=device-width, initial-scale=1\">\\n\\","<title>{{env.npm_package_name}} (v{{env.npm_package_version}})</title>\\n\\","<style>\\n\\","/*csslint\\n\\","    box-sizing: false,\\n\\","    universal-selector: false\\n\\","*/\\n\\","* {\\n\\","    box-sizing: border-box;\\n\\","}\\n\\","body {\\n\\","    background: #dde;\\n\\","    font-family: Arial, Helvetica, sans-serif;\\n\\","    margin: 2rem;\\n\\","}\\n\\","body > * {\\n\\","    margin-bottom: 1rem;\\n\\","}\\n\\",".utility2FooterDiv {\\n\\","    margin-top: 20px;\\n\\","    text-align: center;\\n\\","}\\n\\","</style>\\n\\","<style>\\n\\","/*csslint\\n\\","*/\\n\\","textarea {\\n\\","    font-family: monospace;\\n\\","    height: 10rem;\\n\\","    width: 100%;\\n\\","}\\n\\","textarea[readonly] {\\n\\","    background: #ddd;\\n\\","}\\n\\","</style>\\n\\","</head>\\n\\","<body>\\n\\","<!-- utility2-comment\\n\\","<div id=\"ajaxProgressDiv1\" style=\"background: #d00; height: 2px; left: 0; margin: 0; padding: 0; position: fixed; top: 0; transition: background 0.5s, width 1.5s; width: 25%;\"></div>\\n\\","utility2-comment -->\\n\\","<h1>\\n\\","<!-- utility2-comment\\n\\","    <a\\n\\","        {{#if env.npm_package_homepage}}\\n\\","        href=\"{{env.npm_package_homepage}}\"\\n\\","        {{/if env.npm_package_homepage}}\\n\\","        target=\"_blank\"\\n\\","    >\\n\\","utility2-comment -->\\n\\","        {{env.npm_package_name}} (v{{env.npm_package_version}})\\n\\","<!-- utility2-comment\\n\\","    </a>\\n\\","utility2-comment -->\\n\\","</h1>\\n\\","<h3>{{env.npm_package_description}}</h3>\\n\\","<!-- utility2-comment\\n\\","<h4><a download href=\"assets.app.js\">download standalone app</a></h4>\\n\\","<button class=\"onclick onreset\" id=\"testRunButton1\">run internal test</button><br>\\n\\","<div id=\"testReportDiv1\" style=\"display: none;\"></div>\\n\\","utility2-comment -->\\n\\","\\n\\","\\n\\","\\n\\","<label>stderr and stdout</label>\\n\\","<textarea class=\"resettable\" id=\"outputTextareaStdout1\" readonly></textarea>\\n\\","<!-- utility2-comment\\n\\","{{#if isRollup}}\\n\\","<script src=\"assets.app.js\"></script>\\n\\","{{#unless isRollup}}\\n\\","utility2-comment -->\\n\\","<script src=\"assets.utility2.rollup.js\"></script>\\n\\","<script src=\"jsonp.utility2._stateInit?callback=window.utility2._stateInit\"></script>\\n\\","<script src=\"assets.npmtest_workshopper.rollup.js\"></script>\\n\\","<script src=\"assets.example.js\"></script>\\n\\","<script src=\"assets.test.js\"></script>\\n\\","<!-- utility2-comment\\n\\","{{/if isRollup}}\\n\\","utility2-comment -->\\n\\","<div class=\"utility2FooterDiv\">\\n\\","    [ this app was created with\\n\\","    <a href=\"https://github.com/kaizhu256/node-utility2\" target=\"_blank\">utility2</a>\\n\\","    ]\\n\\","</div>\\n\\","</body>\\n\\","</html>\\n\\","';","        /* jslint-ignore-end */","        if (local.templateRender) {","            local.assetsDict['/'] = local.templateRender(","                local.assetsDict['/assets.index.template.html'],","                {","                    env: local.objectSetDefault(local.env, {","                        npm_package_description: 'the greatest app in the world!',","                        npm_package_name: 'my-app',","                        npm_package_nameAlias: 'my_app',","                        npm_package_version: '0.0.1'","                    })","                }","            );","        } else {","            local.assetsDict['/'] = local.assetsDict['/assets.index.template.html']","                .replace((/\\{\\{env\\.(\\w+?)\\}\\}/g), function (match0, match1) {","                    // jslint-hack","                    String(match0);","                    switch (match1) {","                    case 'npm_package_description':","                        return 'the greatest app in the world!';","                    case 'npm_package_name':","                        return 'my-app';","                    case 'npm_package_nameAlias':","                        return 'my_app';","                    case 'npm_package_version':","                        return '0.0.1';","                    }","                });","        }","        // run the cli","        if (local.global.utility2_rollup || module !== require.main) {","            break;","        }","        local.assetsDict['/assets.example.js'] =","            local.assetsDict['/assets.example.js'] ||","            local.fs.readFileSync(__filename, 'utf8');","        // bug-workaround - long $npm_package_buildCustomOrg","        /* jslint-ignore-begin */","        local.assetsDict['/assets.npmtest_workshopper.rollup.js'] =","            local.assetsDict['/assets.npmtest_workshopper.rollup.js'] ||","            local.fs.readFileSync(","                local.npmtest_workshopper.__dirname + '/lib.npmtest_workshopper.js',","                'utf8'","            ).replace((/^#!/), '//');","        /* jslint-ignore-end */","        local.assetsDict['/favicon.ico'] = local.assetsDict['/favicon.ico'] || '';","        // if $npm_config_timeout_exit exists,","        // then exit this process after $npm_config_timeout_exit ms","        if (Number(process.env.npm_config_timeout_exit)) {","            setTimeout(process.exit, Number(process.env.npm_config_timeout_exit));","        }","        // start server","        if (local.global.utility2_serverHttp1) {","            break;","        }","        process.env.PORT = process.env.PORT || '8081';","        console.error('server starting on port ' + process.env.PORT);","        local.http.createServer(function (request, response) {","            request.urlParsed = local.url.parse(request.url);","            if (local.assetsDict[request.urlParsed.pathname] !== undefined) {","                response.end(local.assetsDict[request.urlParsed.pathname]);","                return;","            }","            response.statusCode = 404;","            response.end();","        }).listen(process.env.PORT);","        break;","    }","}());",""],"l":{"26":2,"28":2,"33":2,"35":2,"37":2,"38":2,"39":2,"44":1,"51":2,"55":2,"59":2,"61":2,"69":1,"70":2,"76":2,"79":2,"82":2,"83":2,"85":1,"89":2,"92":1,"93":1,"94":1,"96":1,"97":1,"100":1,"101":1,"103":1,"106":1,"108":2,"114":1,"116":1,"118":1,"123":1,"124":2,"125":2,"126":3,"127":3,"128":3,"129":3,"130":1,"133":3,"134":3,"139":3,"143":1,"144":3,"145":1,"149":1,"150":1,"158":1,"160":1,"161":1,"162":1,"164":1,"166":1,"258":1,"259":1,"271":1,"274":6,"275":6,"277":1,"279":2,"281":1,"283":2,"288":1,"289":1,"291":1,"296":1,"303":1,"306":1,"307":1,"310":1,"311":1,"313":1,"314":1,"315":1,"316":1,"317":1,"318":1,"319":1,"321":1,"322":1,"324":1}},"/home/travis/build/npmtest/node-npmtest-workshopper/node_modules/workshopper/workshopper.js":{"path":"/home/travis/build/npmtest/node-npmtest-workshopper/node_modules/workshopper/workshopper.js","s":{"1":1,"2":1,"3":1,"4":1,"5":0,"6":0,"7":0,"8":0,"9":0,"10":0,"11":0,"12":0,"13":0,"14":0,"15":0,"16":0,"17":0,"18":0,"19":0,"20":0,"21":0,"22":0,"23":0,"24":0,"25":0,"26":0,"27":0,"28":0,"29":0,"30":0,"31":0,"32":0,"33":0,"34":0,"35":0,"36":0,"37":0,"38":0,"39":0,"40":0,"41":0,"42":0,"43":0,"44":0,"45":0,"46":0,"47":0,"48":0,"49":0,"50":0,"51":0,"52":0,"53":0,"54":0,"55":0,"56":0,"57":0,"58":0,"59":0,"60":0,"61":0,"62":0,"63":0,"64":0,"65":0,"66":0,"67":0,"68":0,"69":0,"70":0,"71":0,"72":0,"73":0,"74":0,"75":0,"76":0,"77":0,"78":0,"79":0,"80":0,"81":0,"82":0,"83":0,"84":0,"85":0,"86":0,"87":0,"88":0,"89":0,"90":0,"91":0,"92":1,"93":1,"94":0,"95":0,"96":0,"97":0,"98":0,"99":1,"100":0,"101":0,"102":0,"103":1,"104":0,"105":0,"106":0,"107":0,"108":0,"109":0,"110":0,"111":0,"112":0,"113":0,"114":0,"115":0,"116":0,"117":0,"118":0,"119":0,"120":0,"121":0,"122":0,"123":0,"124":0,"125":0,"126":0,"127":0,"128":0,"129":1,"130":0,"131":0,"132":0,"133":0,"134":0,"135":0,"136":1,"137":0,"138":0,"139":0,"140":0,"141":0,"142":0,"143":0,"144":0,"145":0,"146":0,"147":0,"148":1,"149":0,"150":1,"151":0,"152":1,"153":0,"154":0,"155":0,"156":0,"157":1,"158":0,"159":0,"160":0,"161":0,"162":0,"163":0,"164":0,"165":0,"166":0,"167":0,"168":1,"169":0,"170":0,"171":0,"172":1,"173":0,"174":0,"175":0,"176":0,"177":1,"178":0,"179":1,"180":0,"181":0,"182":0,"183":0,"184":0,"185":0,"186":0,"187":0,"188":0,"189":0,"190":0,"191":1,"192":0,"193":0,"194":0,"195":0,"196":1,"197":0,"198":0,"199":0,"200":0,"201":0,"202":1,"203":0,"204":0,"205":1,"206":0,"207":1,"208":0,"209":1,"210":0,"211":1,"212":0,"213":0,"214":0,"215":0,"216":0,"217":0,"218":0,"219":0,"220":0,"221":0,"222":0,"223":0,"224":0,"225":0,"226":1,"227":0,"228":0,"229":0,"230":0,"231":0,"232":0,"233":0,"234":0,"235":0,"236":0,"237":0,"238":0,"239":0,"240":1,"241":0,"242":0,"243":0,"244":1,"245":0,"246":0,"247":0,"248":0,"249":0,"250":0,"251":0,"252":0,"253":0,"254":0,"255":0,"256":0,"257":0,"258":0,"259":0,"260":1,"261":1,"262":1},"b":{"1":[0,0],"2":[0,0],"3":[0,0],"4":[0,0],"5":[0,0],"6":[0,0],"7":[0,0],"8":[0,0],"9":[0,0],"10":[0,0],"11":[0,0,0],"12":[0,0],"13":[0,0,0],"14":[0,0],"15":[0,0],"16":[0,0],"17":[0,0],"18":[0,0,0,0],"19":[0,0],"20":[0,0],"21":[0,0],"22":[0,0],"23":[0,0],"24":[0,0],"25":[0,0],"26":[0,0],"27":[0,0],"28":[0,0],"29":[0,0],"30":[0,0],"31":[0,0],"32":[0,0],"33":[0,0],"34":[0,0],"35":[0,0],"36":[0,0],"37":[0,0],"38":[0,0],"39":[0,0],"40":[0,0],"41":[0,0],"42":[0,0],"43":[0,0],"44":[0,0],"45":[0,0],"46":[0,0],"47":[0,0],"48":[0,0],"49":[0,0],"50":[0,0],"51":[0,0],"52":[0,0],"53":[0,0],"54":[0,0],"55":[0,0],"56":[0,0],"57":[0,0],"58":[0,0],"59":[0,0],"60":[0,0],"61":[0,0],"62":[0,0],"63":[0,0],"64":[0,0],"65":[0,0],"66":[0,0],"67":[0,0],"68":[0,0],"69":[0,0],"70":[0,0],"71":[0,0],"72":[0,0],"73":[0,0],"74":[0,0],"75":[0,0],"76":[0,0],"77":[0,0],"78":[0,0]},"f":{"1":0,"2":0,"3":0,"4":0,"5":0,"6":0,"7":0,"8":0,"9":0,"10":0,"11":0,"12":0,"13":0,"14":0,"15":0,"16":0,"17":0,"18":0,"19":0,"20":0,"21":0,"22":0,"23":0,"24":0,"25":0,"26":0,"27":0,"28":0,"29":0,"30":0,"31":0,"32":0,"33":0,"34":0,"35":0,"36":0,"37":0,"38":0,"39":0,"40":0,"41":0,"42":0,"43":0,"44":0,"45":0,"46":0,"47":0},"fnMap":{"1":{"name":"Workshopper","line":20,"loc":{"start":{"line":20,"column":0},"end":{"line":20,"column":31}}},"2":{"name":"(anonymous_2)","line":63,"loc":{"start":{"line":63,"column":54},"end":{"line":63,"column":67}}},"3":{"name":"(anonymous_3)","line":109,"loc":{"start":{"line":109,"column":29},"end":{"line":109,"column":45}}},"4":{"name":"(anonymous_4)","line":125,"loc":{"start":{"line":125,"column":34},"end":{"line":125,"column":50}}},"5":{"name":"(anonymous_5)","line":138,"loc":{"start":{"line":138,"column":39},"end":{"line":138,"column":59}}},"6":{"name":"(anonymous_6)","line":169,"loc":{"start":{"line":169,"column":62},"end":{"line":169,"column":78}}},"7":{"name":"(anonymous_7)","line":190,"loc":{"start":{"line":190,"column":28},"end":{"line":190,"column":70}}},"8":{"name":"(anonymous_8)","line":191,"loc":{"start":{"line":191,"column":27},"end":{"line":191,"column":42}}},"9":{"name":"(anonymous_9)","line":195,"loc":{"start":{"line":195,"column":29},"end":{"line":195,"column":41}}},"10":{"name":"(anonymous_10)","line":203,"loc":{"start":{"line":203,"column":37},"end":{"line":203,"column":63}}},"11":{"name":"(anonymous_11)","line":212,"loc":{"start":{"line":212,"column":37},"end":{"line":212,"column":63}}},"12":{"name":"done","line":216,"loc":{"start":{"line":216,"column":13},"end":{"line":216,"column":30}}},"13":{"name":"(anonymous_13)","line":220,"loc":{"start":{"line":220,"column":33},"end":{"line":220,"column":47}}},"14":{"name":"(anonymous_14)","line":247,"loc":{"start":{"line":247,"column":28},"end":{"line":247,"column":50}}},"15":{"name":"processSolutionFile","line":255,"loc":{"start":{"line":255,"column":4},"end":{"line":255,"column":50}}},"16":{"name":"(anonymous_16)","line":256,"loc":{"start":{"line":256,"column":32},"end":{"line":256,"column":56}}},"17":{"name":"printSolutions","line":268,"loc":{"start":{"line":268,"column":4},"end":{"line":268,"column":45}}},"18":{"name":"(anonymous_18)","line":272,"loc":{"start":{"line":272,"column":24},"end":{"line":272,"column":43}}},"19":{"name":"onpass","line":293,"loc":{"start":{"line":293,"column":0},"end":{"line":293,"column":22}}},"20":{"name":"onfail","line":299,"loc":{"start":{"line":299,"column":0},"end":{"line":299,"column":22}}},"21":{"name":"(anonymous_21)","line":304,"loc":{"start":{"line":304,"column":32},"end":{"line":304,"column":64}}},"22":{"name":"done","line":312,"loc":{"start":{"line":312,"column":2},"end":{"line":312,"column":28}}},"23":{"name":"(anonymous_23)","line":317,"loc":{"start":{"line":317,"column":16},"end":{"line":317,"column":28}}},"24":{"name":"(anonymous_24)","line":334,"loc":{"start":{"line":334,"column":39},"end":{"line":334,"column":55}}},"25":{"name":"(anonymous_25)","line":340,"loc":{"start":{"line":340,"column":42},"end":{"line":340,"column":54}}},"26":{"name":"(anonymous_26)","line":354,"loc":{"start":{"line":354,"column":30},"end":{"line":354,"column":42}}},"27":{"name":"(anonymous_27)","line":358,"loc":{"start":{"line":358,"column":34},"end":{"line":358,"column":46}}},"28":{"name":"(anonymous_28)","line":366,"loc":{"start":{"line":366,"column":32},"end":{"line":366,"column":48}}},"29":{"name":"(anonymous_29)","line":369,"loc":{"start":{"line":369,"column":29},"end":{"line":369,"column":45}}},"30":{"name":"(anonymous_30)","line":381,"loc":{"start":{"line":381,"column":26},"end":{"line":381,"column":42}}},"31":{"name":"(anonymous_31)","line":382,"loc":{"start":{"line":382,"column":36},"end":{"line":382,"column":48}}},"32":{"name":"(anonymous_32)","line":390,"loc":{"start":{"line":390,"column":32},"end":{"line":390,"column":48}}},"33":{"name":"(anonymous_33)","line":399,"loc":{"start":{"line":399,"column":35},"end":{"line":399,"column":53}}},"34":{"name":"(anonymous_34)","line":412,"loc":{"start":{"line":412,"column":30},"end":{"line":412,"column":42}}},"35":{"name":"(anonymous_35)","line":413,"loc":{"start":{"line":413,"column":58},"end":{"line":413,"column":70}}},"36":{"name":"(anonymous_36)","line":414,"loc":{"start":{"line":414,"column":56},"end":{"line":414,"column":68}}},"37":{"name":"(anonymous_37)","line":418,"loc":{"start":{"line":418,"column":36},"end":{"line":418,"column":52}}},"38":{"name":"(anonymous_38)","line":423,"loc":{"start":{"line":423,"column":35},"end":{"line":423,"column":47}}},"39":{"name":"(anonymous_39)","line":428,"loc":{"start":{"line":428,"column":36},"end":{"line":428,"column":56}}},"40":{"name":"(anonymous_40)","line":435,"loc":{"start":{"line":435,"column":40},"end":{"line":435,"column":56}}},"41":{"name":"(anonymous_41)","line":444,"loc":{"start":{"line":444,"column":22},"end":{"line":444,"column":42}}},"42":{"name":"(anonymous_42)","line":467,"loc":{"start":{"line":467,"column":37},"end":{"line":467,"column":53}}},"43":{"name":"error","line":494,"loc":{"start":{"line":494,"column":0},"end":{"line":494,"column":18}}},"44":{"name":"onselect","line":500,"loc":{"start":{"line":500,"column":0},"end":{"line":500,"column":25}}},"45":{"name":"(anonymous_45)","line":516,"loc":{"start":{"line":516,"column":29},"end":{"line":516,"column":41}}},"46":{"name":"(anonymous_46)","line":520,"loc":{"start":{"line":520,"column":19},"end":{"line":520,"column":34}}},"47":{"name":"(anonymous_47)","line":524,"loc":{"start":{"line":524,"column":29},"end":{"line":524,"column":64}}}},"statementMap":{"1":{"start":{"line":1,"column":0},"end":{"line":8,"column":51}},"2":{"start":{"line":11,"column":0},"end":{"line":15,"column":42}},"3":{"start":{"line":18,"column":0},"end":{"line":18,"column":23}},"4":{"start":{"line":20,"column":0},"end":{"line":185,"column":1}},"5":{"start":{"line":21,"column":2},"end":{"line":22,"column":35}},"6":{"start":{"line":22,"column":4},"end":{"line":22,"column":35}},"7":{"start":{"line":24,"column":2},"end":{"line":24,"column":25}},"8":{"start":{"line":26,"column":2},"end":{"line":28,"column":22}},"9":{"start":{"line":30,"column":2},"end":{"line":31,"column":60}},"10":{"start":{"line":31,"column":4},"end":{"line":31,"column":60}},"11":{"start":{"line":33,"column":2},"end":{"line":34,"column":65}},"12":{"start":{"line":34,"column":4},"end":{"line":34,"column":65}},"13":{"start":{"line":36,"column":2},"end":{"line":36,"column":35}},"14":{"start":{"line":37,"column":2},"end":{"line":37,"column":56}},"15":{"start":{"line":38,"column":2},"end":{"line":38,"column":90}},"16":{"start":{"line":39,"column":2},"end":{"line":39,"column":61}},"17":{"start":{"line":40,"column":2},"end":{"line":40,"column":60}},"18":{"start":{"line":42,"column":2},"end":{"line":42,"column":72}},"19":{"start":{"line":44,"column":2},"end":{"line":47,"column":3}},"20":{"start":{"line":46,"column":4},"end":{"line":46,"column":30}},"21":{"start":{"line":49,"column":2},"end":{"line":49,"column":41}},"22":{"start":{"line":51,"column":2},"end":{"line":51,"column":33}},"23":{"start":{"line":53,"column":2},"end":{"line":53,"column":37}},"24":{"start":{"line":55,"column":2},"end":{"line":57,"column":92}},"25":{"start":{"line":58,"column":2},"end":{"line":60,"column":20}},"26":{"start":{"line":62,"column":2},"end":{"line":62,"column":82}},"27":{"start":{"line":63,"column":2},"end":{"line":65,"column":4}},"28":{"start":{"line":64,"column":4},"end":{"line":64,"column":27}},"29":{"start":{"line":68,"column":2},"end":{"line":82,"column":3}},"30":{"start":{"line":69,"column":4},"end":{"line":75,"column":5}},"31":{"start":{"line":77,"column":4},"end":{"line":80,"column":28}},"32":{"start":{"line":78,"column":6},"end":{"line":78,"column":28}},"33":{"start":{"line":80,"column":6},"end":{"line":80,"column":28}},"34":{"start":{"line":81,"column":4},"end":{"line":81,"column":19}},"35":{"start":{"line":84,"column":2},"end":{"line":84,"column":84}},"36":{"start":{"line":85,"column":2},"end":{"line":85,"column":31}},"37":{"start":{"line":86,"column":2},"end":{"line":86,"column":32}},"38":{"start":{"line":87,"column":2},"end":{"line":87,"column":38}},"39":{"start":{"line":90,"column":2},"end":{"line":90,"column":61}},"40":{"start":{"line":91,"column":2},"end":{"line":91,"column":67}},"41":{"start":{"line":93,"column":2},"end":{"line":98,"column":5}},"42":{"start":{"line":94,"column":4},"end":{"line":98,"column":5}},"43":{"start":{"line":100,"column":2},"end":{"line":101,"column":28}},"44":{"start":{"line":101,"column":4},"end":{"line":101,"column":28}},"45":{"start":{"line":103,"column":2},"end":{"line":103,"column":40}},"46":{"start":{"line":105,"column":2},"end":{"line":106,"column":40}},"47":{"start":{"line":106,"column":4},"end":{"line":106,"column":40}},"48":{"start":{"line":108,"column":2},"end":{"line":122,"column":3}},"49":{"start":{"line":109,"column":4},"end":{"line":116,"column":17}},"50":{"start":{"line":110,"column":6},"end":{"line":115,"column":7}},"51":{"start":{"line":113,"column":8},"end":{"line":113,"column":22}},"52":{"start":{"line":114,"column":8},"end":{"line":114,"column":33}},"53":{"start":{"line":118,"column":4},"end":{"line":119,"column":12}},"54":{"start":{"line":119,"column":6},"end":{"line":119,"column":12}},"55":{"start":{"line":121,"column":4},"end":{"line":121,"column":36}},"56":{"start":{"line":124,"column":2},"end":{"line":128,"column":3}},"57":{"start":{"line":125,"column":4},"end":{"line":127,"column":17}},"58":{"start":{"line":126,"column":6},"end":{"line":126,"column":46}},"59":{"start":{"line":130,"column":2},"end":{"line":131,"column":59}},"60":{"start":{"line":131,"column":4},"end":{"line":131,"column":59}},"61":{"start":{"line":133,"column":2},"end":{"line":144,"column":3}},"62":{"start":{"line":134,"column":4},"end":{"line":134,"column":79}},"63":{"start":{"line":135,"column":4},"end":{"line":141,"column":5}},"64":{"start":{"line":136,"column":6},"end":{"line":136,"column":69}},"65":{"start":{"line":138,"column":6},"end":{"line":140,"column":35}},"66":{"start":{"line":139,"column":8},"end":{"line":139,"column":59}},"67":{"start":{"line":142,"column":4},"end":{"line":142,"column":33}},"68":{"start":{"line":143,"column":4},"end":{"line":143,"column":10}},"69":{"start":{"line":146,"column":2},"end":{"line":159,"column":3}},"70":{"start":{"line":147,"column":4},"end":{"line":147,"column":62}},"71":{"start":{"line":149,"column":4},"end":{"line":150,"column":57}},"72":{"start":{"line":150,"column":6},"end":{"line":150,"column":57}},"73":{"start":{"line":152,"column":4},"end":{"line":153,"column":67}},"74":{"start":{"line":153,"column":6},"end":{"line":153,"column":67}},"75":{"start":{"line":155,"column":4},"end":{"line":156,"column":76}},"76":{"start":{"line":156,"column":6},"end":{"line":156,"column":76}},"77":{"start":{"line":158,"column":4},"end":{"line":158,"column":56}},"78":{"start":{"line":161,"column":2},"end":{"line":177,"column":3}},"79":{"start":{"line":162,"column":4},"end":{"line":162,"column":90}},"80":{"start":{"line":164,"column":4},"end":{"line":164,"column":45}},"81":{"start":{"line":166,"column":4},"end":{"line":167,"column":64}},"82":{"start":{"line":167,"column":6},"end":{"line":167,"column":64}},"83":{"start":{"line":169,"column":4},"end":{"line":171,"column":6}},"84":{"start":{"line":170,"column":6},"end":{"line":170,"column":40}},"85":{"start":{"line":173,"column":4},"end":{"line":174,"column":68}},"86":{"start":{"line":174,"column":6},"end":{"line":174,"column":68}},"87":{"start":{"line":176,"column":4},"end":{"line":176,"column":57}},"88":{"start":{"line":179,"column":2},"end":{"line":182,"column":3}},"89":{"start":{"line":180,"column":4},"end":{"line":180,"column":16}},"90":{"start":{"line":181,"column":4},"end":{"line":181,"column":76}},"91":{"start":{"line":184,"column":2},"end":{"line":184,"column":18}},"92":{"start":{"line":187,"column":0},"end":{"line":187,"column":35}},"93":{"start":{"line":190,"column":0},"end":{"line":199,"column":1}},"94":{"start":{"line":191,"column":2},"end":{"line":198,"column":15}},"95":{"start":{"line":192,"column":4},"end":{"line":193,"column":71}},"96":{"start":{"line":193,"column":6},"end":{"line":193,"column":71}},"97":{"start":{"line":195,"column":4},"end":{"line":197,"column":6}},"98":{"start":{"line":196,"column":6},"end":{"line":196,"column":33}},"99":{"start":{"line":203,"column":0},"end":{"line":208,"column":1}},"100":{"start":{"line":204,"column":2},"end":{"line":204,"column":82}},"101":{"start":{"line":205,"column":2},"end":{"line":205,"column":93}},"102":{"start":{"line":207,"column":2},"end":{"line":207,"column":33}},"103":{"start":{"line":212,"column":0},"end":{"line":289,"column":1}},"104":{"start":{"line":213,"column":2},"end":{"line":213,"column":84}},"105":{"start":{"line":214,"column":2},"end":{"line":214,"column":112}},"106":{"start":{"line":216,"column":2},"end":{"line":242,"column":14}},"107":{"start":{"line":217,"column":4},"end":{"line":218,"column":17}},"108":{"start":{"line":220,"column":4},"end":{"line":225,"column":6}},"109":{"start":{"line":221,"column":6},"end":{"line":222,"column":15}},"110":{"start":{"line":222,"column":8},"end":{"line":222,"column":15}},"111":{"start":{"line":224,"column":6},"end":{"line":224,"column":75}},"112":{"start":{"line":227,"column":4},"end":{"line":227,"column":47}},"113":{"start":{"line":229,"column":4},"end":{"line":229,"column":56}},"114":{"start":{"line":231,"column":4},"end":{"line":239,"column":5}},"115":{"start":{"line":232,"column":6},"end":{"line":235,"column":49}},"116":{"start":{"line":233,"column":8},"end":{"line":233,"column":73}},"117":{"start":{"line":235,"column":8},"end":{"line":235,"column":49}},"118":{"start":{"line":237,"column":6},"end":{"line":237,"column":60}},"119":{"start":{"line":238,"column":6},"end":{"line":238,"column":64}},"120":{"start":{"line":241,"column":4},"end":{"line":241,"column":34}},"121":{"start":{"line":244,"column":2},"end":{"line":245,"column":17}},"122":{"start":{"line":245,"column":4},"end":{"line":245,"column":17}},"123":{"start":{"line":247,"column":2},"end":{"line":288,"column":15}},"124":{"start":{"line":248,"column":4},"end":{"line":249,"column":83}},"125":{"start":{"line":249,"column":6},"end":{"line":249,"column":83}},"126":{"start":{"line":250,"column":4},"end":{"line":251,"column":19}},"127":{"start":{"line":251,"column":6},"end":{"line":251,"column":19}},"128":{"start":{"line":253,"column":4},"end":{"line":253,"column":50}},"129":{"start":{"line":255,"column":4},"end":{"line":266,"column":5}},"130":{"start":{"line":256,"column":6},"end":{"line":265,"column":8}},"131":{"start":{"line":257,"column":8},"end":{"line":258,"column":30}},"132":{"start":{"line":258,"column":10},"end":{"line":258,"column":30}},"133":{"start":{"line":260,"column":8},"end":{"line":260,"column":42}},"134":{"start":{"line":263,"column":8},"end":{"line":263,"column":59}},"135":{"start":{"line":264,"column":8},"end":{"line":264,"column":60}},"136":{"start":{"line":268,"column":4},"end":{"line":285,"column":5}},"137":{"start":{"line":269,"column":6},"end":{"line":270,"column":85}},"138":{"start":{"line":270,"column":8},"end":{"line":270,"column":85}},"139":{"start":{"line":272,"column":6},"end":{"line":282,"column":19}},"140":{"start":{"line":273,"column":8},"end":{"line":273,"column":60}},"141":{"start":{"line":275,"column":8},"end":{"line":276,"column":64}},"142":{"start":{"line":276,"column":10},"end":{"line":276,"column":64}},"143":{"start":{"line":278,"column":8},"end":{"line":278,"column":73}},"144":{"start":{"line":280,"column":8},"end":{"line":281,"column":69}},"145":{"start":{"line":281,"column":10},"end":{"line":281,"column":69}},"146":{"start":{"line":284,"column":6},"end":{"line":284,"column":12}},"147":{"start":{"line":287,"column":4},"end":{"line":287,"column":62}},"148":{"start":{"line":293,"column":0},"end":{"line":295,"column":1}},"149":{"start":{"line":294,"column":2},"end":{"line":294,"column":48}},"150":{"start":{"line":299,"column":0},"end":{"line":301,"column":1}},"151":{"start":{"line":300,"column":2},"end":{"line":300,"column":46}},"152":{"start":{"line":304,"column":0},"end":{"line":332,"column":1}},"153":{"start":{"line":306,"column":2},"end":{"line":306,"column":29}},"154":{"start":{"line":307,"column":2},"end":{"line":307,"column":29}},"155":{"start":{"line":308,"column":2},"end":{"line":308,"column":67}},"156":{"start":{"line":309,"column":2},"end":{"line":309,"column":67}},"157":{"start":{"line":312,"column":2},"end":{"line":329,"column":3}},"158":{"start":{"line":313,"column":4},"end":{"line":313,"column":15}},"159":{"start":{"line":315,"column":4},"end":{"line":320,"column":5}},"160":{"start":{"line":317,"column":6},"end":{"line":319,"column":18}},"161":{"start":{"line":318,"column":8},"end":{"line":318,"column":99}},"162":{"start":{"line":322,"column":4},"end":{"line":323,"column":52}},"163":{"start":{"line":323,"column":6},"end":{"line":323,"column":52}},"164":{"start":{"line":325,"column":4},"end":{"line":326,"column":46}},"165":{"start":{"line":326,"column":6},"end":{"line":326,"column":46}},"166":{"start":{"line":328,"column":4},"end":{"line":328,"column":37}},"167":{"start":{"line":331,"column":2},"end":{"line":331,"column":39}},"168":{"start":{"line":334,"column":0},"end":{"line":338,"column":1}},"169":{"start":{"line":335,"column":2},"end":{"line":335,"column":97}},"170":{"start":{"line":336,"column":2},"end":{"line":336,"column":18}},"171":{"start":{"line":337,"column":2},"end":{"line":337,"column":18}},"172":{"start":{"line":340,"column":0},"end":{"line":352,"column":1}},"173":{"start":{"line":341,"column":2},"end":{"line":347,"column":15}},"174":{"start":{"line":349,"column":2},"end":{"line":349,"column":51}},"175":{"start":{"line":350,"column":2},"end":{"line":350,"column":46}},"176":{"start":{"line":351,"column":2},"end":{"line":351,"column":40}},"177":{"start":{"line":354,"column":0},"end":{"line":356,"column":1}},"178":{"start":{"line":355,"column":2},"end":{"line":355,"column":17}},"179":{"start":{"line":358,"column":0},"end":{"line":387,"column":1}},"180":{"start":{"line":359,"column":2},"end":{"line":373,"column":15}},"181":{"start":{"line":367,"column":26},"end":{"line":367,"column":52}},"182":{"start":{"line":370,"column":26},"end":{"line":370,"column":56}},"183":{"start":{"line":375,"column":2},"end":{"line":375,"column":40}},"184":{"start":{"line":376,"column":2},"end":{"line":376,"column":40}},"185":{"start":{"line":377,"column":2},"end":{"line":377,"column":56}},"186":{"start":{"line":378,"column":2},"end":{"line":378,"column":45}},"187":{"start":{"line":380,"column":2},"end":{"line":386,"column":3}},"188":{"start":{"line":381,"column":4},"end":{"line":385,"column":17}},"189":{"start":{"line":382,"column":6},"end":{"line":384,"column":19}},"190":{"start":{"line":383,"column":8},"end":{"line":383,"column":26}},"191":{"start":{"line":390,"column":0},"end":{"line":396,"column":1}},"192":{"start":{"line":391,"column":2},"end":{"line":391,"column":55}},"193":{"start":{"line":392,"column":2},"end":{"line":394,"column":16}},"194":{"start":{"line":393,"column":4},"end":{"line":393,"column":52}},"195":{"start":{"line":395,"column":2},"end":{"line":395,"column":13}},"196":{"start":{"line":399,"column":0},"end":{"line":409,"column":1}},"197":{"start":{"line":400,"column":2},"end":{"line":401,"column":10}},"198":{"start":{"line":403,"column":2},"end":{"line":405,"column":16}},"199":{"start":{"line":404,"column":4},"end":{"line":404,"column":27}},"200":{"start":{"line":407,"column":2},"end":{"line":407,"column":49}},"201":{"start":{"line":408,"column":2},"end":{"line":408,"column":50}},"202":{"start":{"line":412,"column":0},"end":{"line":415,"column":1}},"203":{"start":{"line":413,"column":2},"end":{"line":413,"column":73}},"204":{"start":{"line":414,"column":2},"end":{"line":414,"column":71}},"205":{"start":{"line":418,"column":0},"end":{"line":420,"column":1}},"206":{"start":{"line":419,"column":2},"end":{"line":419,"column":49}},"207":{"start":{"line":423,"column":0},"end":{"line":425,"column":1}},"208":{"start":{"line":424,"column":2},"end":{"line":424,"column":104}},"209":{"start":{"line":428,"column":0},"end":{"line":433,"column":1}},"210":{"start":{"line":429,"column":2},"end":{"line":432,"column":25}},"211":{"start":{"line":435,"column":0},"end":{"line":465,"column":1}},"212":{"start":{"line":436,"column":2},"end":{"line":437,"column":16}},"213":{"start":{"line":437,"column":4},"end":{"line":437,"column":16}},"214":{"start":{"line":439,"column":2},"end":{"line":439,"column":34}},"215":{"start":{"line":441,"column":2},"end":{"line":442,"column":9}},"216":{"start":{"line":444,"column":2},"end":{"line":451,"column":4}},"217":{"start":{"line":445,"column":4},"end":{"line":446,"column":18}},"218":{"start":{"line":446,"column":6},"end":{"line":446,"column":18}},"219":{"start":{"line":448,"column":4},"end":{"line":448,"column":18}},"220":{"start":{"line":449,"column":4},"end":{"line":449,"column":18}},"221":{"start":{"line":450,"column":4},"end":{"line":450,"column":15}},"222":{"start":{"line":453,"column":2},"end":{"line":454,"column":15}},"223":{"start":{"line":454,"column":4},"end":{"line":454,"column":15}},"224":{"start":{"line":456,"column":2},"end":{"line":456,"column":30}},"225":{"start":{"line":458,"column":2},"end":{"line":464,"column":3}},"226":{"start":{"line":467,"column":0},"end":{"line":492,"column":1}},"227":{"start":{"line":468,"column":2},"end":{"line":470,"column":14}},"228":{"start":{"line":472,"column":2},"end":{"line":473,"column":15}},"229":{"start":{"line":473,"column":4},"end":{"line":473,"column":15}},"230":{"start":{"line":475,"column":2},"end":{"line":479,"column":3}},"231":{"start":{"line":476,"column":4},"end":{"line":476,"column":41}},"232":{"start":{"line":478,"column":4},"end":{"line":478,"column":91}},"233":{"start":{"line":481,"column":2},"end":{"line":482,"column":91}},"234":{"start":{"line":482,"column":4},"end":{"line":482,"column":91}},"235":{"start":{"line":484,"column":2},"end":{"line":484,"column":39}},"236":{"start":{"line":486,"column":2},"end":{"line":487,"column":96}},"237":{"start":{"line":487,"column":4},"end":{"line":487,"column":96}},"238":{"start":{"line":489,"column":2},"end":{"line":489,"column":64}},"239":{"start":{"line":491,"column":2},"end":{"line":491,"column":17}},"240":{"start":{"line":494,"column":0},"end":{"line":498,"column":1}},"241":{"start":{"line":495,"column":2},"end":{"line":495,"column":25}},"242":{"start":{"line":496,"column":2},"end":{"line":496,"column":38}},"243":{"start":{"line":497,"column":2},"end":{"line":497,"column":18}},"244":{"start":{"line":500,"column":0},"end":{"line":534,"column":1}},"245":{"start":{"line":501,"column":2},"end":{"line":501,"column":40}},"246":{"start":{"line":503,"column":2},"end":{"line":504,"column":65}},"247":{"start":{"line":504,"column":4},"end":{"line":504,"column":65}},"248":{"start":{"line":506,"column":2},"end":{"line":512,"column":3}},"249":{"start":{"line":514,"column":2},"end":{"line":514,"column":30}},"250":{"start":{"line":516,"column":2},"end":{"line":518,"column":4}},"251":{"start":{"line":517,"column":4},"end":{"line":517,"column":24}},"252":{"start":{"line":520,"column":2},"end":{"line":533,"column":15}},"253":{"start":{"line":521,"column":4},"end":{"line":522,"column":82}},"254":{"start":{"line":522,"column":6},"end":{"line":522,"column":82}},"255":{"start":{"line":524,"column":4},"end":{"line":532,"column":17}},"256":{"start":{"line":525,"column":6},"end":{"line":526,"column":82}},"257":{"start":{"line":526,"column":8},"end":{"line":526,"column":82}},"258":{"start":{"line":528,"column":6},"end":{"line":528,"column":63}},"259":{"start":{"line":530,"column":6},"end":{"line":530,"column":85}},"260":{"start":{"line":537,"column":0},"end":{"line":537,"column":35}},"261":{"start":{"line":538,"column":0},"end":{"line":538,"column":35}},"262":{"start":{"line":541,"column":0},"end":{"line":541,"column":28}}},"branchMap":{"1":{"line":21,"type":"if","locations":[{"start":{"line":21,"column":2},"end":{"line":21,"column":2}},{"start":{"line":21,"column":2},"end":{"line":21,"column":2}}]},"2":{"line":30,"type":"if","locations":[{"start":{"line":30,"column":2},"end":{"line":30,"column":2}},{"start":{"line":30,"column":2},"end":{"line":30,"column":2}}]},"3":{"line":33,"type":"if","locations":[{"start":{"line":33,"column":2},"end":{"line":33,"column":2}},{"start":{"line":33,"column":2},"end":{"line":33,"column":2}}]},"4":{"line":44,"type":"if","locations":[{"start":{"line":44,"column":2},"end":{"line":44,"column":2}},{"start":{"line":44,"column":2},"end":{"line":44,"column":2}}]},"5":{"line":55,"type":"cond-expr","locations":[{"start":{"line":56,"column":23},"end":{"line":56,"column":25}},{"start":{"line":57,"column":23},"end":{"line":57,"column":92}}]},"6":{"line":58,"type":"cond-expr","locations":[{"start":{"line":59,"column":8},"end":{"line":59,"column":21}},{"start":{"line":60,"column":8},"end":{"line":60,"column":20}}]},"7":{"line":62,"type":"binary-expr","locations":[{"start":{"line":62,"column":21},"end":{"line":62,"column":60}},{"start":{"line":62,"column":64},"end":{"line":62,"column":82}}]},"8":{"line":72,"type":"binary-expr","locations":[{"start":{"line":72,"column":8},"end":{"line":72,"column":14}},{"start":{"line":72,"column":18},"end":{"line":72,"column":27}}]},"9":{"line":77,"type":"if","locations":[{"start":{"line":77,"column":4},"end":{"line":77,"column":4}},{"start":{"line":77,"column":4},"end":{"line":77,"column":4}}]},"10":{"line":93,"type":"if","locations":[{"start":{"line":93,"column":2},"end":{"line":93,"column":2}},{"start":{"line":93,"column":2},"end":{"line":93,"column":2}}]},"11":{"line":93,"type":"binary-expr","locations":[{"start":{"line":93,"column":6},"end":{"line":93,"column":12}},{"start":{"line":93,"column":16},"end":{"line":93,"column":28}},{"start":{"line":93,"column":32},"end":{"line":93,"column":49}}]},"12":{"line":100,"type":"if","locations":[{"start":{"line":100,"column":2},"end":{"line":100,"column":2}},{"start":{"line":100,"column":2},"end":{"line":100,"column":2}}]},"13":{"line":100,"type":"binary-expr","locations":[{"start":{"line":100,"column":6},"end":{"line":100,"column":12}},{"start":{"line":100,"column":16},"end":{"line":100,"column":25}},{"start":{"line":100,"column":29},"end":{"line":100,"column":43}}]},"14":{"line":105,"type":"if","locations":[{"start":{"line":105,"column":2},"end":{"line":105,"column":2}},{"start":{"line":105,"column":2},"end":{"line":105,"column":2}}]},"15":{"line":105,"type":"binary-expr","locations":[{"start":{"line":105,"column":6},"end":{"line":105,"column":23}},{"start":{"line":105,"column":27},"end":{"line":105,"column":44}}]},"16":{"line":108,"type":"if","locations":[{"start":{"line":108,"column":2},"end":{"line":108,"column":2}},{"start":{"line":1
[...]
30,"column":48}},"11":{"start":{"line":33,"column":2},"end":{"line":33,"column":23}},"12":{"start":{"line":37,"column":0},"end":{"line":45,"column":1}},"13":{"start":{"line":38,"column":2},"end":{"line":44,"column":4}},"14":{"start":{"line":39,"column":4},"end":{"line":40,"column":15}},"15":{"start":{"line":40,"column":6},"end":{"line":40,"column":15}},"16":{"start":{"line":42,"column":4},"end":{"line":42,"column":79}},"17":{"start":{"line":43,"column":4},"end":{"line":43,"column":27}},"18":{"start":{"line":48,"column":0},"end":{"line":59,"column":1}},"19":{"start":{"line":49,"column":2},"end":{"line":50,"column":16}},"20":{"start":{"line":50,"column":4},"end":{"line":50,"column":16}},"21":{"start":{"line":52,"column":2},"end":{"line":52,"column":40}},"22":{"start":{"line":53,"column":2},"end":{"line":57,"column":3}},"23":{"start":{"line":54,"column":4},"end":{"line":54,"column":32}},"24":{"start":{"line":55,"column":4},"end":{"line":56,"column":17}},"25":{"start":{"line":56,"column":6},"end":{"line":56,"column":17}},"26":{"start":{"line":58,"column":2},"end":{"line":58,"column":13}},"27":{"start":{"line":61,"column":0},"end":{"line":73,"column":1}},"28":{"start":{"line":62,"column":2},"end":{"line":62,"column":36}},"29":{"start":{"line":64,"column":2},"end":{"line":67,"column":3}},"30":{"start":{"line":65,"column":4},"end":{"line":65,"column":46}},"31":{"start":{"line":66,"column":4},"end":{"line":66,"column":15}},"32":{"start":{"line":69,"column":2},"end":{"line":70,"column":30}},"33":{"start":{"line":70,"column":4},"end":{"line":70,"column":30}},"34":{"start":{"line":72,"column":2},"end":{"line":72,"column":14}},"35":{"start":{"line":75,"column":0},"end":{"line":92,"column":1}},"36":{"start":{"line":76,"column":2},"end":{"line":76,"column":22}},"37":{"start":{"line":77,"column":2},"end":{"line":88,"column":4}},"38":{"start":{"line":80,"column":4},"end":{"line":80,"column":46}},"39":{"start":{"line":82,"column":4},"end":{"line":83,"column":12}},"40":{"start":{"line":83,"column":6},"end":{"line":83,"column":12}},"41":{"start":{"line":84,"column":4},"end":{"line":87,"column":5}},"42":{"start":{"line":85,"column":6},"end":{"line":85,"column":21}},"43":{"start":{"line":86,"column":6},"end":{"line":86,"column":48}},"44":{"start":{"line":89,"column":2},"end":{"line":90,"column":30}},"45":{"start":{"line":90,"column":4},"end":{"line":90,"column":30}},"46":{"start":{"line":91,"column":2},"end":{"line":91,"column":17}},"47":{"start":{"line":95,"column":0},"end":{"line":95,"column":31}},"48":{"start":{"line":96,"column":0},"end":{"line":96,"column":31}},"49":{"start":{"line":97,"column":0},"end":{"line":97,"column":49}},"50":{"start":{"line":98,"column":0},"end":{"line":98,"column":59}}},"branchMap":{"1":{"line":20,"type":"binary-expr","locations":[{"start":{"line":20,"column":11},"end":{"line":20,"column":23}},{"start":{"line":20,"column":28},"end":{"line":20,"column":41}}]},"2":{"line":28,"type":"if","locations":[{"start":{"line":28,"column":2},"end":{"line":28,"column":2}},{"start":{"line":28,"column":2},"end":{"line":28,"column":2}}]},"3":{"line":39,"type":"if","locations":[{"start":{"line":39,"column":4},"end":{"line":39,"column":4}},{"start":{"line":39,"column":4},"end":{"line":39,"column":4}}]},"4":{"line":43,"type":"binary-expr","locations":[{"start":{"line":43,"column":4},"end":{"line":43,"column":12}},{"start":{"line":43,"column":16},"end":{"line":43,"column":26}}]},"5":{"line":49,"type":"if","locations":[{"start":{"line":49,"column":2},"end":{"line":49,"column":2}},{"start":{"line":49,"column":2},"end":{"line":49,"column":2}}]},"6":{"line":53,"type":"if","locations":[{"start":{"line":53,"column":2},"end":{"line":53,"column":2}},{"start":{"line":53,"column":2},"end":{"line":53,"column":2}}]},"7":{"line":55,"type":"if","locations":[{"start":{"line":55,"column":4},"end":{"line":55,"column":4}},{"start":{"line":55,"column":4},"end":{"line":55,"column":4}}]},"8":{"line":55,"type":"binary-expr","locations":[{"start":{"line":55,"column":8},"end":{"line":55,"column":12}},{"start":{"line":55,"column":16},"end":{"line":55,"column":29}}]},"9":{"line":64,"type":"if","locations":[{"start":{"line":64,"column":2},"end":{"line":64,"column":2}},{"start":{"line":64,"column":2},"end":{"line":64,"column":2}}]},"10":{"line":69,"type":"if","locations":[{"start":{"line":69,"column":2},"end":{"line":69,"column":2}},{"start":{"line":69,"column":2},"end":{"line":69,"column":2}}]},"11":{"line":80,"type":"binary-expr","locations":[{"start":{"line":80,"column":11},"end":{"line":80,"column":29}},{"start":{"line":80,"column":33},"end":{"line":80,"column":46}}]},"12":{"line":82,"type":"if","locations":[{"start":{"line":82,"column":4},"end":{"line":82,"column":4}},{"start":{"line":82,"column":4},"end":{"line":82,"column":4}}]},"13":{"line":84,"type":"if","locations":[{"start":{"line":84,"column":4},"end":{"line":84,"column":4}},{"start":{"line":84,"column":4},"end":{"line":84,"column":4}}]},"14":{"line":89,"type":"if","locations":[{"start":{"line":89,"column":2},"end":{"line":89,"column":2}},{"start":{"line":89,"column":2},"end":{"line":89,"column":2}}]},"15":{"line":89,"type":"binary-expr","locations":[{"start":{"line":89,"column":6},"end":{"line":89,"column":15}},{"start":{"line":89,"column":19},"end":{"line":89,"column":27}}]}},"code":["const fs          = require('fs')","    , path        = require('path')","    , colorsTmpl  = require('colors-tmpl')","    , msee        = require('msee')","    , mseeOptions = {","          paragraphStart: ''","        , paragraphEnd: '\\n\\n'","      }","","","function printText (appName, appDir, filetype, contents) {","  var variables = {","      appname : appName","    , rootdir : appDir","  }","","  contents = colorsTmpl(contents)","","  contents = contents.replace(/\\{([^}]+)\\}/gi, function (match, k) {","    return variables[k] || ('{' + k + '}')","  })","","  // proper path resolution","  contents = contents.replace(/\\{rootdir:([^}]+)\\}/gi, function (match, subpath) {","    return 'file://' + path.join(appDir, subpath)","  })","","  if (filetype == 'md') {","    // convert Markdown to ANSI","    contents = msee.parse(contents, mseeOptions)","  }","","  console.log(contents)","}","","","function printFile (appName, appDir, file, callback) {","  fs.readFile(file, 'utf8', function (err, contents) {","    if (err)","      throw err","","    printText(appName, appDir, path.extname(file).replace(/^\\./, ''), contents)","    callback && callback();","  })","}","","","function getExistingFile (file, lang) {","  if (!file)","    return false","","  file = file.replace(/\\{lang\\}/g, lang)","  if (fs.existsSync(file)) {","    var stat = fs.statSync(file)","    if (stat && stat.isFile())","      return file","  }","  return null","}","","function printLocalisedFile (appName, appDir, file, lang, callback) {","  file = getExistingFile(file, lang)","","  if (file) {","    printFile(appName, appDir, file, callback)","    return true","  }","","  if (callback)","    process.nextTick(callback)","","  return false","}","","function printLocalisedFirstFile (appName, appDir, files, lang, callback) {","  var consumed = false","  files.filter(function (file) {","    // Since the files that will be printed are subject to user manipulation","    // a null can happen here, checking for it just in case.","    return file !== undefined && file !== null","  }).forEach(function (file) {","    if (consumed)","      return","    if (file = getExistingFile(file, lang)) {","      consumed = true","      printFile(appName, appDir, file, callback)","    }","  })","  if (!consumed && callback)","    process.nextTick(callback)","  return consumed","}","","","module.exports.text = printText","module.exports.file = printFile","module.exports.localisedFile = printLocalisedFile","module.exports.localisedFirstFile = printLocalisedFirstFile",""],"l":{"1":1,"11":1,"12":0,"17":0,"19":0,"20":0,"24":0,"25":0,"28":0,"30":0,"33":0,"37":1,"38":0,"39":0,"40":0,"42":0,"43":0,"48":1,"49":0,"50":0,"52":0,"53":0,"54":0,"55":0,"56":0,"58":0,"61":1,"62":0,"64":0,"65":0,"66":0,"69":0,"70":0,"72":0,"75":1,"76":0,"77":0,"80":0,"82":0,"83":0,"84":0,"85":0,"86":0,"89":0,"90":0,"91":0,"95":1,"96":1,"97":1,"98":1}},"/home/travis/build/npmtest/node-npmtest-workshopper/node_modules/workshopper/i18n.js":{"path":"/home/travis/build/npmtest/node-npmtest-workshopper/node_modules/workshopper/i18n.js","s":{"1":1,"2":1,"3":0,"4":0,"5":0,"6":0,"7":0,"8":0,"9":0,"10":0,"11":0,"12":0,"13":0,"14":1,"15":0,"16":0,"17":0,"18":0,"19":1,"20":0,"21":0,"22":0,"23":0,"24":0,"25":0,"26":0,"27":0,"28":0,"29":0,"30":0,"31":0,"32":0,"33":0,"34":0,"35":0,"36":0,"37":0,"38":0,"39":0,"40":0,"41":0,"42":1,"43":0,"44":0,"45":0,"46":0,"47":0,"48":0,"49":0,"50":0,"51":0,"52":0},"b":{"1":[0,0],"2":[0,0],"3":[0,0],"4":[0,0],"5":[0,0],"6":[0,0],"7":[0,0],"8":[0,0],"9":[0,0],"10":[0,0],"11":[0,0,0],"12":[0,0],"13":[0,0]},"f":{"1":0,"2":0,"3":0,"4":0,"5":0,"6":0,"7":0,"8":0},"fnMap":{"1":{"name":"i18nChain","line":7,"loc":{"start":{"line":7,"column":0},"end":{"line":7,"column":21}}},"2":{"name":"(anonymous_2)","line":21,"loc":{"start":{"line":21,"column":9},"end":{"line":21,"column":24}}},"3":{"name":"createDefaultLookup","line":34,"loc":{"start":{"line":34,"column":0},"end":{"line":34,"column":49}}},"4":{"name":"(anonymous_4)","line":43,"loc":{"start":{"line":43,"column":20},"end":{"line":43,"column":40}}},"5":{"name":"chooseLang","line":50,"loc":{"start":{"line":50,"column":0},"end":{"line":50,"column":83}}},"6":{"name":"(anonymous_6)","line":99,"loc":{"start":{"line":99,"column":8},"end":{"line":99,"column":43}}},"7":{"name":"(anonymous_7)","line":108,"loc":{"start":{"line":108,"column":26},"end":{"line":108,"column":41}}},"8":{"name":"(anonymous_8)","line":115,"loc":{"start":{"line":115,"column":20},"end":{"line":115,"column":92}}}},"statementMap":{"1":{"start":{"line":1,"column":0},"end":{"line":5,"column":32}},"2":{"start":{"line":7,"column":0},"end":{"line":32,"column":1}},"3":{"start":{"line":8,"column":2},"end":{"line":12,"column":22}},"4":{"start":{"line":13,"column":2},"end":{"line":19,"column":3}},"5":{"start":{"line":14,"column":4},"end":{"line":16,"column":5}},"6":{"start":{"line":17,"column":4},"end":{"line":17,"column":23}},"7":{"start":{"line":18,"column":4},"end":{"line":18,"column":18}},"8":{"start":{"line":20,"column":2},"end":{"line":31,"column":3}},"9":{"start":{"line":22,"column":6},"end":{"line":23,"column":16}},"10":{"start":{"line":24,"column":6},"end":{"line":27,"column":7}},"11":{"start":{"line":25,"column":8},"end":{"line":25,"column":41}},"12":{"start":{"line":26,"column":8},"end":{"line":26,"column":30}},"13":{"start":{"line":29,"column":6},"end":{"line":29,"column":19}},"14":{"start":{"line":34,"column":0},"end":{"line":48,"column":1}},"15":{"start":{"line":35,"column":2},"end":{"line":41,"column":3}},"16":{"start":{"line":43,"column":2},"end":{"line":45,"column":4}},"17":{"start":{"line":44,"column":4},"end":{"line":44,"column":43}},"18":{"start":{"line":47,"column":2},"end":{"line":47,"column":15}},"19":{"start":{"line":50,"column":0},"end":{"line":95,"column":1}},"20":{"start":{"line":51,"column":2},"end":{"line":53,"column":10}},"21":{"start":{"line":54,"column":2},"end":{"line":59,"column":3}},"22":{"start":{"line":56,"column":4},"end":{"line":56,"column":27}},"23":{"start":{"line":60,"column":2},"end":{"line":68,"column":3}},"24":{"start":{"line":62,"column":4},"end":{"line":67,"column":5}},"25":{"start":{"line":63,"column":6},"end":{"line":63,"column":32}},"26":{"start":{"line":65,"column":6},"end":{"line":65,"column":15}},"27":{"start":{"line":70,"column":2},"end":{"line":71,"column":106}},"28":{"start":{"line":71,"column":4},"end":{"line":71,"column":106}},"29":{"start":{"line":73,"column":2},"end":{"line":74,"column":48}},"30":{"start":{"line":74,"column":4},"end":{"line":74,"column":48}},"31":{"start":{"line":76,"column":2},"end":{"line":77,"column":162}},"32":{"start":{"line":77,"column":4},"end":{"line":77,"column":162}},"33":{"start":{"line":79,"column":2},"end":{"line":80,"column":269}},"34":{"start":{"line":80,"column":4},"end":{"line":80,"column":269}},"35":{"start":{"line":82,"column":2},"end":{"line":86,"column":56}},"36":{"start":{"line":84,"column":4},"end":{"line":84,"column":39}},"37":{"start":{"line":86,"column":4},"end":{"line":86,"column":56}},"38":{"start":{"line":88,"column":2},"end":{"line":93,"column":3}},"39":{"start":{"line":89,"column":4},"end":{"line":89,"column":54}},"40":{"start":{"line":90,"column":4},"end":{"line":90,"column":51}},"41":{"start":{"line":94,"column":2},"end":{"line":94,"column":22}},"42":{"start":{"line":97,"column":0},"end":{"line":121,"column":1}},"43":{"start":{"line":100,"column":4},"end":{"line":107,"column":44}},"44":{"start":{"line":108,"column":4},"end":{"line":113,"column":5}},"45":{"start":{"line":109,"column":6},"end":{"line":110,"column":22}},"46":{"start":{"line":110,"column":8},"end":{"line":110,"column":22}},"47":{"start":{"line":112,"column":6},"end":{"line":112,"column":28}},"48":{"start":{"line":114,"column":4},"end":{"line":114,"column":50}},"49":{"start":{"line":115,"column":4},"end":{"line":118,"column":5}},"50":{"start":{"line":116,"column":6},"end":{"line":116,"column":29}},"51":{"start":{"line":117,"column":6},"end":{"line":117,"column":78}},"52":{"start":{"line":119,"column":4},"end":{"line":119,"column":17}}},"branchMap":{"1":{"line":24,"type":"binary-expr","locations":[{"start":{"line":24,"column":13},"end":{"line":24,"column":20}},{"start":{"line":24,"column":24},"end":{"line":24,"column":31}}]},"2":{"line":60,"type":"if","locations":[{"start":{"line":60,"column":2},"end":{"line":60,"column":2}},{"start":{"line":60,"column":2},"end":{"line":60,"column":2}}]},"3":{"line":70,"type":"if","locations":[{"start":{"line":70,"column":2},"end":{"line":70,"column":2}},{"start":{"line":70,"column":2},"end":{"line":70,"column":2}}]},"4":{"line":70,"type":"binary-expr","locations":[{"start":{"line":70,"column":6},"end":{"line":70,"column":12}},{"start":{"line":70,"column":16},"end":{"line":70,"column":39}}]},"5":{"line":73,"type":"if","locations":[{"start":{"line":73,"column":2},"end":{"line":73,"column":2}},{"start":{"line":73,"column":2},"end":{"line":73,"column":2}}]},"6":{"line":76,"type":"if","locations":[{"start":{"line":76,"column":2},"end":{"line":76,"column":2}},{"start":{"line":76,"column":2},"end":{"line":76,"column":2}}]},"7":{"line":79,"type":"if","locations":[{"start":{"line":79,"column":2},"end":{"line":79,"column":2}},{"start":{"line":79,"column":2},"end":{"line":79,"column":2}}]},"8":{"line":79,"type":"binary-expr","locations":[{"start":{"line":79,"column":6},"end":{"line":79,"column":10}},{"start":{"line":79,"column":14},"end":{"line":79,"column":49}}]},"9":{"line":82,"type":"if","locations":[{"start":{"line":82,"column":2},"end":{"line":82,"column":2}},{"start":{"line":82,"column":2},"end":{"line":82,"column":2}}]},"10":{"line":84,"type":"binary-expr","locations":[{"start":{"line":84,"column":20},"end":{"line":84,"column":24}},{"start":{"line":84,"column":28},"end":{"line":84,"column":39}}]},"11":{"line":86,"type":"binary-expr","locations":[{"start":{"line":86,"column":20},"end":{"line":86,"column":24}},{"start":{"line":86,"column":28},"end":{"line":86,"column":41}},{"start":{"line":86,"column":45},"end":{"line":86,"column":56}}]},"12":{"line":109,"type":"if","locations":[{"start":{"line":109,"column":6},"end":{"line":109,"column":6}},{"start":{"line":109,"column":6},"end":{"line":109,"column":6}}]},"13":{"line":114,"type":"binary-expr","locations":[{"start":{"line":114,"column":23},"end":{"line":114,"column":40}},{"start":{"line":114,"column":44},"end":{"line":114,"column":50}}]}},"code":["const i18n       = require('i18n-core')","    , i18nFs     = require('i18n-core/lookup/fs')","    , i18nObject = require('i18n-core/lookup/object')","    , path       = require('path')","    , fs         = require('fs')","","function i18nChain() {","  var linked = {","        handler: arguments[0]","      , next: null","    }","    , current = linked","  for (var i = 1; i<arguments.length; i++) {","    var next = {","      handler: arguments[i]","    }","    current.next = next","    current = next","  }","  return {","    get: function (key) {","      var current = linked","        , result","      while (!result && current) {","        result = current.handler.get(key)","        current = current.next","      }","","      return result","    }","  }","}","","function createDefaultLookup(options, exercises) {","  var result = {","    en: {","        title: options.title","      , subtitle: options.subtitle","      , exercise: {}","    }","  }","","  exercises.forEach(function (exercise) {","    result.en.exercise[exercise] = exercise","  })","","  return result","}","","function chooseLang (globalDataDir, appDataDir, lang, defaultLang, availableLangs) {","  var globalPath = path.resolve(globalDataDir, 'lang.json')","    , appPath = path.resolve(appDataDir, 'lang.json')","    , data","  try {","    // Lets see if we find some stored language in the app's config","    data = require(appPath)","  } catch (e) {","    // Without a file an error will occur here, but thats okay","  }","  if (!data) {","    // Lets see if some other workshopper stored language settings","    try {","      data = require(globalPath)","    } catch (e) {","      data = {}","      // Without a file an error will occur here, but thats okay","    }","  }","","  if (!!lang && typeof lang != 'string')","    throw new TypeError('Please supply a language. Available languages are: ' + availableLangs.join(', '))","","  if (lang)","    lang = lang.replace(/_/g, '-').toLowerCase()","","  if (availableLangs.indexOf(defaultLang) === -1)","    throw new TypeError('The default language \"' + defaultLang + ' is not one of the available languages?! Available languages are: ' + availableLangs.join(', '))","","  if (lang && availableLangs.indexOf(lang) === -1)","    throw new TypeError('The language \"' + lang + '\" is not available.\\nAvailable languages are ' + availableLangs.join(', ') + '.\\n\\nNote: the language is not case-sensitive (\"en\", \"EN\", \"eN\", \"En\" will become \"en\") and you can use \"_\" instead of \"-\" for seperators.')","","  if (availableLangs.indexOf(data.selected) === -1)","    // The stored data is not available so lets use one of the other languages","    data.selected = lang || defaultLang","  else","    data.selected = lang || data.selected || defaultLang","","  try {","    fs.writeFileSync(globalPath, JSON.stringify(data))","    fs.writeFileSync(appPath, JSON.stringify(data))","  } catch(e) {","    // It is not good if an error occurs but it shouldn't really matter","  }","  return data.selected","}","","module.exports = {","  chooseLang: chooseLang,","  init: function(options, exercises, lang) {","    var translator = i18n(","          i18nChain(","              i18nFs(path.resolve(options.appDir, './i18n'))","            , i18nFs(path.resolve(__dirname, './i18n'))","            , i18nObject(createDefaultLookup(options, exercises))","          )","        )","      , result = translator.lang(lang, true)","    translator.fallback = function (key) {","      if (!key)","        return '(???)'","","      return '?' + key + '?'","    }","    result.languages = options.languages || ['en']","    result.change = function (globalDataDir, appDataDir, lang, defaultLang, availableLangs) {","      result.changeLang(lang)","      chooseLang(globalDataDir, appDataDir, lang, defaultLang, availableLangs)","    }","    return result","  }","}",""],"l":{"1":1,"7":1,"8":0,"13":0,"14":0,"17":0,"18":0,"20":0,"22":0,"24":0,"25":0,"26":0,"29":0,"34":1,"35":0,"43":0,"44":0,"47":0,"50":1,"51":0,"54":0,"56":0,"60":0,"62":0,"63":0,"65":0,"70":0,"71":0,"73":0,"74":0,"76":0,"77":0,"79":0,"80":0,"82":0,"84":0,"86":0,"88":0,"89":0,"90":0,"94":0,"97":1,"100":0,"108":0,"109":0,"110":0,"112":0,"114":0,"115":0,"116":0,"117":0,"119":0}}}